Dictionary Size: 	 3018
Total Word Count: 	 21214

a 421
aa 77
aacacofonixcsuoregonedu 1
aachelmcsnmt 1
aacsusthk 3
aaemmetalcswiscedu 1
aafalacsumbcedu 1
aaghotinetappcom 3
aaguzzlerecstcsuchicoedu 2
aahackesdtekchalmersse 1
aahairballecstcsuchicoedu 5
aajamunastanfordedu 2
aamajestixcsuoregonedu 6
aaoakcseucscedu 2
aapenfoldccgatechedu 4
aaphantasmecstcsuchicoedu 1
aaqb 1
aasisyorkuca 3
aaskinnercsuoregonedu 6
aastruppimedizinuniulmde 2
aasulphurosforg 2
able 7
about 37
above 1
accept 1
accepting 1
access 3
accessible 1
according 3
accounts 1
acid 1
ack 1
acknowledgement 1
acme 14
acquire 1
active 1
actual 2
actually 5
ad 1
adaptec 2
adapter 2
adaptex 2
add 1
added 3
addicted 1
adding 1
addition 1
address 17
addressed 1
addresses 2
addressing 2
addrx 1
adequate 2
adhere 1
adm 2
administrators 2
adminstrating 2
adobes 1
advance 4
advantage 4
advice 1
advocate 1
advocates 1
affairs 1
affected 1
affiliation 1
afraid 2
after 8
aftertaste 1
again 2
against 3
agateberkeleyedu 2
agent 2
agents 1
aggressively 1
ago 5
agree 3
ah 1
aka 1
al 3
alas 1
alef 5
algolcsumbcedu 2
alias 2
all 35
allocate 1
allow 3
allowed 1
allowing 1
allows 1
almost 3
almquist 1
alone 2
along 3
alpha 2
already 4
also 29
alt 1
altcontrolshift 1
alternative 4
although 4
always 6
am 28
amd 2
amen 1
american 2
amo 1
amongst 1
amount 2
an 56
anaesthesia 2
and 289
andor 6
ann 1
annex 1
announcel 1
annoy 1
annoying 3
anon 1
anonftp 1
anonymous 1
another 7
answer 2
answers 3
antialiased 3
any 40
anybody 7
anyhow 1
anyone 31
anything 11
anyway 5
anywhere 1
ape 3
apologetics 1
apologies 1
apologize 1
apology 1
apparently 1
apparentlyto 1
appear 1
appears 1
apples 2
applications 3
applies 1
apply 1
appreciate 2
appreciated 5
approaching 1
appropriate 6
approved 2
apps 2
apr 70
apredtgrouchocspsuedu 2
apredtpsuvaxcspsuedu 2
april 1
apt 1
aptly 1
ar 1
aramisrutgersedu 5
arbor 1
architecture 1
archive 5
archived 1
archives 1
are 91
area 2
areas 6
arent 2
argc 1
argue 1
argv 1
arisen 1
arnold 10
arnoldccgatechedu 6
arnoldlocalhost 1
arnoldrobbinsccgatechedu 2
around 7
arrived 1
article 1
articles 5
artists 1
as 96
asa 2
ascii 2
asked 5
asking 2
asks 1
aspect 1
aspects 1
assistant 1
associate 4
associated 4
assume 4
assuming 3
astoundingly 2
at 56
ati 1
atkins 1
atlanta 2
att 5
attacked 1
attended 1
attractive 1
audience 1
aug 26
augathosrutgersedu 1
augedtpsuvaxcsepsuedu 3
august 2
aus 1
ausk 1
australia 3
auth 1
authentication 1
authors 1
authorship 1
aux 2
available 10
average 1
avoid 4
avoids 4
await 1
award 1
aware 1
away 3
awfully 1
awhile 1
awk 3
b 7
babibmhsozau 1
back 15
background 3
backi 1
backpack 1
bad 1
bang 1
bar 1
barrier 1
based 8
basic 1
basically 1
basis 1
basser 2
bassercssuozau 7
battle 1
bbuslogic 1
bbustek 1
bc 2
bdveetmrpigltfjvmfljkoqjcds 1
be 87
became 1
because 8
become 1
becomes 1
been 18
before 7
beginblurb 1
beginners 3
behavior 1
behaviour 1
beheld 1
being 7
believe 5
bell 9
below 5
bent 1
berkeley 2
besides 4
best 3
beta 3
betain 1
better 16
between 3
bible 4
big 8
bigelow 2
bin 1
binary 1
bindings 1
bingham 1
binsh 1
biology 1
birds 1
bishop 1
bit 19
bitmap 4
bitperpixel 1
blank 2
bldpathrffilepath 1
bless 1
blit 1
blown 1
blurb 1
bob 10
bobcssuozau 2
bobcswiscedu 1
bobjoycecssuozau 1
bof 5
bones 1
book 11
booklet 2
books 3
boot 7
bootes 2
bootf 1
booting 4
bootp 2
boots 1
bootstrap 1
both 12
bother 2
bothering 1
bothers 1
bounce 3
bounces 1
bound 1
boundaries 1
box 8
boxen 2
boxes 1
boyd 2
boydmhsozau 1
bradley 1
break 1
bring 3
bringing 5
brings 1
britian 1
brother 1
bsmtp 1
bst 1
btw 4
buehler 3
bug 4
bugette 5
bugs 2
build 5
built 2
builtup 3
burdellccgatechedu 10
bus 2
business 1
busmastering 1
but 98
button 2
buy 1
by 414
byron 3
bytes 1
c 11
ca 3
cached 1
caching 1
cacofonixcsuoregonedu 2
cajon 3
calendar 2
call 5
called 5
calls 1
calvin 2
came 2
campaign 1
campaigns 1
can 40
cancel 1
cannot 6
cant 3
canyon 1
capel 1
capell 13
capells 1
capitalisation 3
caps 11
capslock 4
card 5
cards 14
care 2
carl 1
carry 2
case 16
cast 1
casually 1
catch 3
cater 1
catholic 9
catholics 3
catholicsartobuddlakenjus 1
cause 1
causes 1
cc 36
cd 9
cdrom 14
center 3
certainly 4
challenged 1
chalmersse 2
chance 3
chances 1
change 4
changed 3
changes 8
changing 2
chapel 2
char 5
character 3
characters 2
charles 2
charsetusascii 15
charsetxutf 7
charter 1
chdir 2
cheaper 2
cheapest 1
cheapish 1
checking 1
cheers 3
chelmcsnmt 2
chelmnmtedu 1
chemistry 4
chemists 1
chesepxindigogsuedu 2
chicago 1
choice 2
choose 2
chose 1
christ 1
christian 5
christianaramisrutgersedu 2
christiangenevarutgersedu 4
christianity 1
church 3
cida 10
citations 1
cites 2
claims 1
clarified 1
clarify 2
classic 1
clean 1
cleaned 2
clear 1
clh 2
click 1
climate 1
clone 1
clones 3
close 1
closedirdp 1
closedirfddir 1
closer 1
clue 1
cluttering 1
cmon 2
code 10
coerce 1
coexist 1
college 5
colossuscsepsuedu 6
colour 1
com 2
combo 1
come 2
comes 5
coming 1
command 5
commands 1
commentaries 1
comments 1
commercial 7
commercially 1
compaq 2
compare 2
comparing 1
compatibilities 1
compatibility 1
compatible 1
compensate 1
compile 8
compiled 3
compiler 4
compilers 3
complete 2
completely 1
complex 1
complications 1
composlinuxmisc 1
composplan 11
composresearch 1
compsysnotebook 1
computer 11
computing 2
concentrate 1
concepts 1
concerned 5
concerning 1
conclusion 1
concurrency 1
conference 3
configuration 6
configurationhardware 1
configurations 2
configure 3
configuring 2
confirmation 2
confirmdeny 1
confssuo 1
confused 2
confusing 1
connect 2
connecting 2
connection 3
connects 1
consequently 1
consider 1
considered 1
consistent 2
constitution 1
constructed 2
contact 1
containing 3
contains 1
contemplating 1
contenders 1
contentlength 8
contents 8
contenttransferencoding 12
contenttype 23
context 4
continual 1
continue 1
continuing 1
contrary 1
contrast 1
contributing 1
contribution 1
contributors 1
control 1
controller 1
controlleres 1
controllers 2
controversy 2
convenient 2
conventions 6
conversions 1
convert 1
convincing 1
convms 1
convsm 1
cool 2
cooperate 1
copied 3
copies 2
copy 10
copying 1
copyright 8
copyrighted 2
core 1
corpseecstcsuchicoedu 2
correctly 5
cosmos 1
cost 3
could 12
couldnt 2
couple 5
course 6
courses 1
cpldgmaefnkjsktyvgnptdcysujujoxzlxmcnghl 5
cpu 28
cpuserver 2
cputerminal 2
cramped 1
crashes 3
create 5
created 1
creating 2
creation 14
creationism 7
creationist 4
creationistevolutionist 1
creationists 1
cristero 1
critically 1
critiques 2
cron 2
croutcrowcsrvuidahoedu 1
crouter 1
cs 8
csepsuedu 3
csepsuedufansowner 1
csntcsusthk 4
cspsuedu 5
cssucsusthk 4
cssuozau 1
ctrl 1
curious 3
current 5
currently 5
customer 3
cut 1
cutsnarfsend 2
cybercrud 1
cyrix 1
d 3
daedalusdcrtnihgov 4
daemons 3
damn 1
danger 1
dangers 1
dare 2
dark 1
darwinontrial 1
dastadtekchalmersse 4
data 7
database 1
date 134
datime 2
dave 2
david 3
davis 4
day 3
days 11
daytoday 1
dbgf 1
dd 4
dead 1
deal 2
dealing 1
dean 2
debate 5
debugging 1
decent 1
decided 1
decision 2
declared 1
decline 1
dedicate 4
deep 1
deerwester 6
define 4
defineddtable 1
definedrlimitnofile 1
definite 3
definitely 1
delete 3
deleting 1
delivery 2
deluge 1
democracy 1
demonstrate 1
demonstration 1
demonstrations 1
deny 1
departed 1
departement 2
department 2
depending 1
depends 3
deposited 1
dept 6
derision 1
derive 1
derived 2
describe 1
described 1
describes 1
descriptor 1
descriptors 2
deserve 1
deserves 2
design 1
designed 1
designs 1
desire 1
desktop 2
detail 3
detailed 1
details 5
detest 2
dev 2
deva 1
devaluation 1
devbitblt 1
devc 1
developers 2
device 2
devoid 1
devoted 1
devvgac 4
dhog 2
dhogcssuozau 3
dialout 1
diamond 4
did 2
didnt 8
die 2
diff 2
difference 3
different 13
difficult 1
diffs 4
digitized 1
diguise 1
dining 1
dir 8
direction 1
directly 2
directories 1
directory 13
dirs 1
disagree 1
disallowed 3
disappointed 1
disc 2
disclaimer 4
discovered 1
discs 2
discussed 1
discussing 1
discussion 6
discussions 1
disdain 2
disk 11
diskettes 1
disks 3
display 1
distplandocs 1
distplanman 2
distribute 2
distributed 4
distribution 21
distributor 1
distufsc 2
ditto 2
diverging 1
divinely 1
divl 7
dl 1
dlongcseucscedu 2
dma 5
dmasonplguwaterlooca 1
dmode 2
dns 2
do 33
doc 2
docs 1
doctrinal 1
doctrine 2
documentation 2
documents 2
does 29
doesnt 21
doing 4
done 14
donein 1
dont 37
dos 5
doswindows 1
doubt 2
down 7
download 1
dp 2
dpi 1
dqidpath 2
dqidpathchdirstbufstmode 2
dqidvers 2
draft 1
dramatic 1
dramatically 3
dreaded 3
dream 1
drive 1
driver 8
drivers 4
drives 5
driving 1
drop 1
drumming 1
dsglumbcedu 20
dtable 2
dump 1
duplication 2
dust 1
dx 1
dynixptx 2
e 2
each 2
eagles 3
earlier 1
early 3
earth 1
ease 1
easier 4
easily 1
ed 1
edificationamusement 2
edit 5
editable 2
editing 2
editor 13
editors 1
edmail 1
edt 17
education 1
eecs 1
effect 1
effort 2
eg 8
eisa 2
eizo 1
ejoghjdpqaacakkvujaezrzojcbtxkbxd 1
el 3
elc 1
elegant 1
elisp 1
elm 12
else 18
em 1
emacs 45
emacsasworldview 1
emacsfans 1
emacsvi 2
email 10
emlin 1
emmetalcswiscedu 2
en 1
enable 2
encoded 4
encodes 2
encoding 2
encrusted 4
end 5
endeavors 1
endif 5
engineering 4
engines 3
english 1
enigmas 3
enjoy 1
enormously 2
enough 8
ensure 1
enter 1
entertained 1
enthusiatic 1
entirely 1
entrenched 1
envelope 10
environment 6
equivalent 4
equivalents 1
er 2
erik 2
err 4
errjmpetoolarge 2
errjmpsyserrlisterrno 4
errno 5
error 15
errors 8
ers 6
esc 1
esmtp 11
especially 5
espiritu 1
espiritucgicom 1
essentially 4
est 11
et 5
etc 9
etherlink 1
ethernet 6
ethernets 1
eunet 1
european 1
evaluation 1
evangelism 1
even 10
evening 2
event 1
eventually 1
ever 3
every 2
everyone 4
everyones 1
everything 3
evil 4
evolution 10
evolutionism 1
exact 1
exactly 2
examines 1
example 8
examples 1
excellence 1
excellent 1
except 3
exception 2
exclusion 1
exclusively 1
excrucior 1
executable 1
executables 1
executed 1
existence 1
existing 3
exists 1
exit 14
expanded 1
expander 1
expands 4
expansion 1
expect 3
expects 1
experience 3
experiences 1
experiment 1
experimenting 1
expert 1
explain 2
explanation 1
explanations 1
exploiters 1
explores 1
expound 1
extensible 3
extensions 3
extent 1
external 1
extra 4
extracts 1
extremes 1
eye 2
f 9
fa 1
facilities 2
fact 8
factor 1
factors 1
faculty 5
fail 2
failing 1
fairly 3
faith 1
faithfuls 2
falacsumbcedu 2
fall 1
familiar 3
fan 2
fans 14
fanscsepsuedu 121
fanscspsuedu 19
fansowner 1
fansownercsepsuedu 7
fansownercspsuedu 1
fansrequestcsepsuedu 1
faq 4
far 12
farrow 12
fashion 2
fast 1
faster 1
fathers 1
fault 1
favor 2
favorite 1
fax 3
fcallh 1
fd 5
fdtempf 1
feather 1
feature 3
features 3
feb 136
febestgrouchocsepsuedu 4
febestplguwaterlooca 1
febestpsuvaxcsepsuedu 11
feel 5
fell 1
fenelon 4
few 14
field 3
fields 1
fifos 1
figure 3
file 62
filename 2
filenames 2
files 22
fileserver 9
fileservers 8
fill 1
filter 3
find 5
fine 8
first 5
firsthand 1
fisable 1
fit 2
fix 6
fixed 2
fixes 1
fixing 1
flinking 1
floating 1
flood 1
flooded 1
floopies 1
floppies 2
floppy 6
focus 1
folks 1
follow 2
following 4
follows 1
followups 1
followupto 1
font 5
fonts 29
foobarcsuoregonedu 2
for 220
force 1
forcing 1
forget 1
forgot 1
form 2
format 3
formatted 1
forsyth 6
forsythminsteryorkacuk 7
forsyths 1
fortunately 1
forward 1
forwarded 3
found 3
fourperem 1
fqid 2
fqidpath 3
fqidvers 2
francisco 1
free 3
freefd 1
freely 1
freopenlog 1
frequently 1
fri 63
frobozz 5
frobozzmoriacssuozau 4
frobozzorthanccssuozau 6
from 561
front 2
fs 3
fstbuf 2
ftp 8
ftpcssuozaumatty 2
ftpcssuozaumattyunicode 2
ftprtfmmitedupubusenetbygroupnewsgroupshowtocreateanewusenetnewsgroup 1
fujitsu 2
full 1
fullblown 1
fully 2
function 2
functionality 4
functions 2
funny 1
futzing 1
fuzziness 1
ga 2
gajillion 2
gary 26
garycssuozau 5
garyjoycecssuozau 4
garymoriacssuozau 6
garys 1
gb 3
geez 1
general 5
generally 1
generate 2
generated 2
generates 2
genesis 1
geoff 2
geoffplancssuozau 3
geology 1
geologyim 1
georgia 2
gerald 1
germany 2
get 37
getrlimitrlimitnofile 1
gets 1
getting 10
ghotinetappcom 2
gibbon 1
gill 25
gills 1
give 1
given 6
gives 3
gjifuobloeiukklmgrbgrumctmzlvlql 1
glad 1
gmt 3
gnot 1
gnots 5
gnu 5
go 20
goals 1
god 3
goes 5
going 12
gone 1
good 20
gosh 1
got 17
gotten 1
gr 1
grace 1
grad 1
graduate 1
grand 1
grandi 3
graphic 2
graphical 2
graphicforspace 1
graphics 1
great 3
greatly 1
greetings 3
grep 1
greyscale 2
groffed 1
groucho 1
grouchocsepsuedu 130
grouchocspsuedu 18
ground 1
group 9
groups 1
grown 1
grph 1
gruntksuksuedu 2
gterm 1
guess 4
guest 1
guidelines 1
guin 2
guys 3
guzzlerecstcsuchicoedu 2
h 2
ha 1
hack 3
hacked 4
hacker 2
hackerdtekchalmersse 2
hackesdtekchalmersse 2
hacks 2
had 20
haertel 7
haertels 1
hair 1
hairballecstcsuchicoedu 8
half 3
halt 1
hand 2
handling 2
handtuned 1
happened 3
happening 1
happens 6
happily 1
happy 1
hard 8
hardly 2
hardware 17
has 45
hasnt 1
hate 3
have 106
havent 11
having 12
hawkwindutcstorontoedu 4
hayes 1
he 8
head 1
header 1
headers 6
hear 2
heard 3
hearing 3
heavy 1
heck 2
heirarchy 1
held 1
help 12
helpinfo 1
helps 1
here 27
heres 2
herminghausshirai 2
hes 2
hesitant 1
hey 2
hi 9
high 6
higher 3
higherresolution 1
highres 1
highresolution 1
him 1
himself 1
his 2
historical 1
history 1
hitchhiker 1
hkt 2
hmmm 3
hoc 1
hogan 3
hole 3
holmes 1
homann 4
home 9
hong 1
hope 6
hopefully 2
hornets 2
horrible 5
host 2
hostage 1
hour 2
houses 1
how 34
howard 1
howdy 1
however 13
hp 2
huge 1
huggins 2
hugginseecsumichedu 1
hugginsquipeecsumichedu 1
hung 1
hunter 1
i 280
ibm 1
iconify 1
icr 2
id 380
ida 13
idacthgl 2
idagl 1
idaho 2
ide 4
idea 6
ideal 2
ideally 2
ideas 4
ideatm 1
identical 1
identification 1
ideographic 2
idnamegid 2
ie 10
if 91
ifdef 4
iffddir 1
iffile 1
iflseekrffdfd 4
ifn 4
ifre 1
ifrffdoffset 4
ifrhdrperm 1
iii 1
ikeda 2
ill 8
illegal 2
illegalobject 2
im 33
image 1
imho 1
implement 1
implementation 2
implementations 2
implemented 2
implies 2
important 1
importantly 1
impossible 1
impression 4
impressive 1
improvised 1
in 199
inc 1
incidentally 1
include 7
included 6
including 6
incompatibilities 2
incorporated 1
increase 1
indeed 1
independently 1
indicates 2
indicating 1
indigo 2
indigogsuedu 2
individual 2
individuals 1
industry 2
inet 1
inetattcom 1
inetd 1
inetdconf 1
infinite 1
influencable 1
influx 1
info 2
information 12
initiator 1
input 7
inquirery 1
inreplyto 26
insecurely 1
insertion 6
insights 1
install 7
installall 1
installation 7
installed 3
installing 2
instance 4
instead 3
institute 2
institution 1
instructions 3
int 11
integrated 1
integrity 4
intel 1
intend 2
intended 2
intent 1
intention 2
intentions 1
interacting 1
interest 10
interested 19
interesting 9
interests 1
internet 7
interop 1
interpreted 1
interpreter 3
interrupt 1
intervarsity 1
intervened 1
interviews 1
into 19
introduction 1
invaluable 1
inversely 1
involved 1
io 1
ioctl 1
ipc 10
ipconfig 1
ipcs 1
ipush 1
irix 1
irritant 5
irritating 1
irtfmed 1
is 264
isa 4
isavesa 1
isbn 1
isnt 3
iso 1
isspace 1
issue 5
issues 2
it 190
italian 1
item 1
its 37
itself 1
ive 23
j 1
james 12
jamunastanfordedu 4
jan 83
janestcolossuscsepsuedu 2
janestgrouchocsepsuedu 5
janestpsuvaxcsepsuedu 6
jdaviscsarizonaedu 2
jerry 16
jet 3
jewish 1
jhpb 1
jhpbjulsartobuddlakenjus 1
jhpbsartobuddlakenjus 2
jim 4
joe 1
johnson 6
johnsons 2
joseph 2
journal 3
joycecssuozau 33
jrayomeecstcsuchicoedu 2
jukebox 1
jukeboxes 1
jul 120
juledtgrouchocsepsuedu 2
juledtpsuvaxcsepsuedu 5
julgenevarutgersedu 2
junk 2
just 28
justify 2
jwjohnecstcsuchicoedu 8
k 1
kaa 1
kaagruntksuksuedu 1
kalvalal 1
kansas 1
keep 2
keeps 2
kens 2
kent 2
kernel 15
kernels 2
key 4
keyboard 10
keystrokes 3
keywords 4
kfs 5
kidding 2
kind 2
klinzhairutgersedu 4
knew 2
knock 3
knopf 1
know 21
knowing 1
known 5
knows 1
kong 1
kosmacberkeleyedu 1
kosmacberkeleyeduuser 1
kuckreja 2
kummerfeld 4
kwaclenauchicagoedu 1
l 4
la 1
labs 10
lance 1
land 1
language 6
laptop 5
laptops 3
large 4
largely 1
last 7
late 1
latest 1
latin 1
launch 1
lawyers 1
layers 1
layperson 1
lazy 2
le 2
lead 3
learn 2
learning 1
least 4
leaves 1
legal 1
less 3
let 3
lets 3
letter 5
letterhead 2
letting 1
level 1
levels 1
libaa 2
libbioa 2
libfontbitpelmlucmnotice 1
libframe 3
libndblocal 2
libraries 10
library 7
libtext 1
libunicode 1
libvga 4
libxg 13
licence 8
license 2
licensing 1
lies 1
life 9
lifes 1
light 1
lightyear 1
like 36
liked 1
likely 4
likes 1
likewise 1
limit 2
limitations 1
limited 1
limits 1
lincoln 1
line 13
lines 5
link 1
linked 1
lint 2
linux 5
list 68
listed 2
listens 1
lists 3
little 3
lives 1
load 2
loading 1
loads 1
local 10
localhost 31
localhostcsuoregonedu 6
localhostuunet 1
localhostyorkuca 1
locally 1
lock 12
log 1
login 2
logins 1
long 15
look 12
looked 2
looking 1
looks 1
loops 1
loreplancssuozau 4
lose 1
losing 3
lost 1
lot 11
lots 6
love 1
low 1
lst 1
ltee 1
ludicrous 1
lx 2
m 10
maa 2
maarpcglumbcedu 1
mac 1
mach 1
machine 19
machines 12
made 3
magazine 3
magic 5
magnus 3
mail 44
mailbox 3
mailboxes 1
mailed 1
mailer 9
mailgermanyeunet 1
mailgermanyeuneteunetde 1
mailing 16
mailwe 1
main 4
mainint 1
mainly 5
maintain 3
maintainer 2
maintaining 2
maintains 1
majestixcsuoregonedu 15
major 3
make 14
makefiles 1
makes 3
making 3
malicious 1
man 1
manage 1
managed 1
management 2
managing 1
manipulated 1
mans 1
manual 1
manually 2
many 7
mar 8
march 1
mark 2
market 6
markets 1
marvel 1
marxhausen 2
masochism 1
mason 1
mass 2
master 1
material 2
matrix 1
matter 3
matthew 12
matty 6
mattycssuozau 9
mattys 1
mattyunicode 2
may 18
maybe 9
mb 5
mbyte 2
mbytes 7
me 33
mean 5
means 6
meant 1
mecezipeecsumichedu 1
mechanism 2
mediocre 2
meet 1
meets 2
meg 8
megs 2
member 2
members 1
memory 5
menninga 1
mention 2
mentioned 1
menu 1
message 36
messageid 126
messages 1
mesz 1
metaphysically 1
method 1
mh 2
mhsnet 24
mi 1
michigan 2
middle 1
might 9
mike 10
mikecacofonixcsuoregonedu 1
mikecsuoregonedu 1
mikemajestixcsuoregonedu 6
mikeskinnercsuoregonedu 6
million 1
mime 2
mimeversion 22
mind 3
minimal 1
minor 6
minsteryorkacuk 10
mips 3
mists 1
mit 7
mk 31
mkdir 1
mkfile 1
mkfiles 1
mkfs 1
mksyslib 1
mmasters 1
mmu 4
mmuc 1
mnltlhmtc 1
mocshgzc 1
mocshgzctaliskerohmyorkacuk 1
mode 2
model 6
modem 2
modems 3
modemvt 1
moderation 2
moderator 2
modern 2
modes 1
modest 1
modifications 1
modified 3
modify 1
mods 1
modula 4
modular 2
module 1
moment 9
momentum 1
mon 109
monarchy 1
monitor 1
monitors 1
mono 1
monolith 2
monolithic 3
monstrous 1
month 1
monthold 1
months 3
moon 1
more 43
moriacssuozau 7
mortified 2
moscow 1
most 21
mostly 3
motherboard 1
mount 3
mounted 2
mounting 1
mountpoint 1
mouse 9
moved 1
movement 1
movements 1
moving 1
mpaulunlinfounledu 1
mps 2
mr 2
ms 2
msdos 1
mst 4
mswindows 2
mswindowsx 1
much 19
multiple 1
munged 1
must 4
mustread 1
my 45
myself 3
mystery 2
n 5
naa 2
naarpcglumbcedu 1
naive 1
name 6
namelen 2
namenamelen 2
names 6
namespaces 1
nasty 1
nau 4
naumedizinuniulmde 2
nc 1
ncbinaux 1
nd 3
ne 3
neanderthal 1
near 3
neat 2
nebraska 1
nebraskalincoln 1
necessarily 2
necessary 1
need 20
needed 4
neednt 1
needs 10
neera 2
neil 4
neither 1
nest 2
net 8
netappghotibyronnetcomcom 2
netappnetappbyronnetcomcom 1
netappnetappcom 1
netappuucp 1
netbsd 1
netcomsvnetcomcom 2
netters 1
network 2
never 5
nevertheless 2
new 25
newer 4
news 8
newsgroup 5
newsgroups 6
newsreaders 1
next 8
nextmailer 2
nexusyorkuca 4
nf 1
nice 10
nicely 2
nicer 2
nightmares 1
nix 2
njukeplansyssrccmdupassend 1
nkremvax 4
nmssaukhrelcommsksu 1
nntppostinghost 2
no 36
nobody 2
nobreak 1
nofileserverms 4
nofileserverps 1
nonascii 1
nonbreaking 3
nonbreakingspace 1
none 10
nontrivial 1
nor 2
normal 1
not 74
notably 1
note 3
notebook 4
notes 2
nothing 3
notice 6
noticed 5
notices 1
notquitevesa 1
nov 68
novell 1
novestgrouchocsepsuedu 3
novestpsuvaxcsepsuedu 4
now 21
nroff 1
null 1
number 6
numbers 2
nxcnextpfmok 1
nxcsmi 2
o 6
oaa 2
oakcseucscedu 2
objtypearchitecture 3
objtypebin 1
objtypeinstall 2
objtypelibalef 1
objtypelibalefa 2
objtypemips 2
observations 1
obtained 1
obtaining 2
obviously 1
ocean 1
oct 41
octedtgrouchocsepsuedu 5
octedtpsuvaxcsepsuedu 3
october 3
odi 1
of 314
off 6
offended 1
office 1
official 3
offsets 1
offtheshelf 2
often 2
oh 2
ok 9
okay 2
old 13
older 1
olsen 1
omitting 2
omoderhdrmode 1
on 160
once 3
one 38
ones 4
only 41
onthinking 1
onto 2
oops 2
open 4
opendir 1
openwindows 13
operate 1
operating 10
opinion 1
opinions 3
oposed 1
optical 3
optimacsarizonaedu 2
optimization 4
option 1
or 68
orclose 4
order 2
ordinary 1
organic 1
organisation 1
organization 5
organizations 1
origin 5
original 5
originally 2
orthanccssuozau 5
orthodox 1
os 5
osf 2
other 23
others 9
otherwise 4
otrunc 1
ouch 1
ought 2
our 21
out 31
output 5
outside 3
over 8
oversight 1
overwhelming 1
own 2
ownership 1
oz 2
ozan 5
ozsisyorkuca 5
p 4
paa 2
paarpcglumbcedu 1
page 2
paging 1
panic 2
papers 1
paradise 1
parallel 2
parameter 1
parish 1
part 6
participated 1
particular 4
partition 3
pass 1
patches 8
path 8
patience 1
patterson 2
paul 2
paying 5
pbmplus 1
pc 27
pcc 1
pcdisk 1
pci 1
pcs 5
pcxb 1
pdt 9
pelm 1
penfoldccgatechedu 11
people 21
peppe 1
per 2
performance 1
perhaps 8
period 1
periodic 1
permission 2
person 5
personal 1
personally 1
perspective 1
perspectives 2
pete 4
peteminsteryorkacuk 13
peter 4
petes 1
pfmrmtsuborg 2
phantasmecstcsuchicoedu 2
phil 1
philip 1
philosophers 1
philosophical 3
philw 1
philwresearchattcom 1
phone 3
photocopy 2
photographs 1
phrase 1
phrases 1
physicist 1
pictures 1
piece 1
pieces 1
piercarlo 3
pike 5
pineaaindigo 1
pineaindigo 1
pinearpcglumbcedu 4
pineaumbcumbcedu 5
pinecumbcumbcedu 1
pinegwolfcsarizonaedu 1
pipe 3
pipexnet 1
pius 1
pl 10
place 6
places 1
plan 183
planattcom 6
planfans 1
planfanscsepsuedu 14
planfanscspsuedu 3
planfansownercsepsuedu 2
planfansrequestcsepsuedu 2
planlist 1
planned 1
planning 4
planresearchattcom 4
plant 1
platforms 2
platter 1
play 1
playground 1
please 17
pleasing 1
plenty 2
plguwaterlooca 2
plug 7
pm 3
po 2
point 5
pointers 3
pointless 5
policy 2
poll 1
polysegment 2
poor 7
pope 1
port 10
portable 2
portables 2
ported 14
porting 8
ports 6
position 1
possibility 1
possible 13
post 6
postie 1
posting 1
postmanosforg 4
postmasters 4
posts 1
postscript 8
power 1
powerbook 1
pp 1
pppslip 1
practical 1
practice 2
pray 1
precise 1
precompiled 1
prefer 1
premature 4
prepended 1
present 2
presented 1
presently 2
preserved 1
presottoresearchattcom 1
press 2
presumably 3
pretty 4
previous 2
price 1
priest 1
primary 5
primetime 1
primitive 2
primitives 1
principal 1
principle 2
printed 1
prints 1
prismnmtedu 2
pro 3
probably 7
problem 4
problems 6
proceeding 1
process 6
produce 2
product 1
productivity 2
program 14
programmable 1
programmers 1
programming 4
programs 20
progress 1
progs 5
project 3
promise 1
properly 2
proportional 1
proposed 1
proselytize 1
protected 4
protectible 1
protection 2
prototype 2
prove 1
provide 2
provided 1
provides 5
ps 4
pseudoworm 1
psi 3
pst 3
psuvaxcsepsuedu 199
psuvaxcsepsueduresearchattcomplan 1
psuvaxcspsuedu 28
public 2
publicly 2
publish 1
publisher 1
publishers 1
pull 2
pun 1
punctuation 1
purchase 1
purity 1
purpose 3
put 11
puts 1
putting 4
pw 1
pwdh 1
q 2
qaa 10
qaapenfoldccgatechedu 1
qb 2
qfrmmezexfbgatzgvdilpfqfkqutsuefpwjnvppb 1
qidstbuf 4
qidversion 1
quality 2
quanstroepsiloneecsnwuedu 2
quanstrom 2
queried 1
question 6
questions 5
queueingrmail 1
quickly 4
quiet 2
quinlan 5
quipeecsumichedu 1
quipeecsumicheduhuggins 1
quite 7
quotation 1
quoted 1
qwerty 1
r 3
radically 1
rakitzis 3
ran 2
rarely 1
rasterized 1
rather 12
rathern 1
raw 1
rayome 3
rc 1
rdata 2
re 58
read 6
readdirdp 1
reader 3
readily 1
reading 3
readme 1
readrffdfd 2
real 6
realized 1
really 12
reason 5
reasonable 1
reasonably 2
reasons 4
reassessing 1
reboot 1
recall 1
received 391
receives 1
recent 4
recently 2
recipients 3
recognise 1
recommend 4
recommended 1
record 1
recruits 1
redistribute 1
reduce 1
refer 1
reference 2
references 5
reflect 2
refuses 1
regarding 1
regardless 1
regards 5
regret 1
reinvent 1
relaypipepipexnet 1
relaypipexnet 3
relayuunet 4
release 2
released 4
relevant 1
religion 4
relinking 3
remedy 1
remember 4
reminescent 1
remote 5
removeonclose 1
replacement 2
replica 1
replied 2
replies 2
reply 7
replyto 5
reportedly 1
representing 1
reproducing 1
request 4
requesting 2
requests 1
require 6
required 9
res 1
research 6
researchattcom 11
resentdate 3
resentfrom 3
resentmessageid 3
resentto 3
reset 1
resolution 1
resource 1
resources 4
response 3
responses 1
rest 3
restrict 1
restrictions 1
result 3
resulting 1
results 2
resume 1
ret 3
return 3
returnpath 4
rev 3
revision 2
rewriting 1
rex 1
rexx 1
rf 2
rfc 13
rfcs 1
rfd 6
rffddir 2
rffdoffset 4
rffdtempf 2
rfilefid 2
rhdrcount 4
rhdrdata 2
rhdrmode 3
rhdrname 1
rhdroffset 10
rid 1
right 25
rl 3
rlimit 1
rlogging 1
rlogintelnet 1
rlrlimcur 3
rlrlimmax 1
rmdirfpath 1
ro 1
rob 21
robbins 8
roberts 1
roboticseef 2
robplanattcom 7
robresearchattcom 6
rock 1
rodanuunet 4
rog 1
roger 2
rogohmyorkacuk 1
roman 1
ronald 2
room 4
root 5
roughly 1
rpcglumbcedu 10
rsalzosforg 3
rsndhxgzmrscxtewmhgcousrlppjtuhwqsvizltpsdmp 5
ruin 1
ruleparsesrestartline 2
rules 1
rumours 6
run 18
runes 2
running 51
runs 5
s 16
saa 2
safe 1
safely 2
sagans 1
said 9
sake 1
salt 1
sam 26
same 17
samfans 1
samfanshawkwindutcstorontoedu 5
samterm 1
san 1
saradcssuozau 1
sartouucp 1
sat 42
saved 2
saw 1
say 12
scalable 1
scaled 1
scaling 1
scan 1
schedule 3
scheme 1
scholarship 1
school 3
schroeder 2
schwartz 27
schwartzcsepsuedu 2
schwartzgrouchocsepsuedu 30
schwartzgrouchocspsuedu 2
schwartzs 1
science 18
scientific 3
scientist 1
scott 36
scottcsusthk 6
scratch 1
scratching 1
screen 5
screenbitmap 4
screens 1
script 1
scripts 1
scrollbar 1
scrollnoscroll 1
scsi 7
sdsscd 1
seagate 2
sean 5
seanflamingostanfordedu 2
secondly 3
see 20
seek 1
seem 5
seemail 1
seemed 3
seems 5
seen 5
sees 1
selected 1
selfish 1
selling 1
send 5
sender 8
senders 4
sending 2
sendmail 1
sends 2
sensible 2
sensitive 4
sent 10
sep 3
september 1
sequences 1
serial 5
series 2
serious 1
server 66
servers 5
serves 1
service 2
session 1
set 10
setbufstderr 1
setdtablesize 3
setrlimitrlimitnofile 1
sets 1
setting 2
settled 1
setup 1
seven 1
several 4
sgi 4
sgisgi 2
shade 1
shadow 1
shall 1
shallow 1
shame 1
share 2
shared 1
sharing 3
sharper 1
she 3
sheer 1
shell 6
shempbhnywmnllrlrhwhyfrdkvbsnovmutplkwftdm 1
shift 1
shipped 1
short 1
shortage 1
should 28
shouldnt 2
shout 5
shouting 4
show 8
showandtell 1
showed 1
shrinking 1
shut 3
shutdown 1
sigh 3
sign 1
signed 5
significance 1
similar 5
similarly 1
simple 3
simpler 1
simplicity 1
since 11
single 1
sisyorkuca 3
site 12
sites 1
sitting 1
situation 2
sixperem 1
size 2
skeleton 2
skinnercsuoregonedu 22
skips 1
slap 1
slc 6
slightly 1
slip 10
slipcarrying 2
slipping 1
slow 3
slowed 1
sluggish 1
smail 2
small 5
smc 1
smi 10
smiru 7
smisvr 1
smtp 286
smurfsuborg 2
snake 2
so 47
soar 3
socreligionchristian 7
socreligionchristianagateberkeleyedu 1
socreligionchristianuunetuunet 1
software 15
sokokjplcmosbszssqvcuhtohmzdxpkpluqywxuxrc 1
solaris 3
sold 2
solution 2
some 42
somebody 2
someone 12
something 13
sometimes 1
somewhere 6
son 1
soon 3
sorry 2
sort 7
sorted 1
sounds 1
source 3
sources 6
space 27
spacebar 1
spacedisk 1
spaces 3
sparc 19
sparce 1
sparcs 7
sparcsscd 1
sparcstation 3
spare 3
speaks 1
special 2
specialpurpose 1
specifically 2
specifies 2
specs 1
speed 1
spirit 1
split 2
sporting 2
spotted 2
srv 1
srvtcp 1
ss 2
sscd 1
sscpu 1
ssuo 1
st 1
stable 2
stage 1
stand 2
standalone 8
standard 8
stands 1
start 2
started 1
starting 2
starts 1
startup 1
state 3
statstmtime 1
status 4
statusrc 12
stay 3
stbuf 2
stbufstatime 2
stbufstgid 2
stbufstmtime 2
stderr 1
stealth 3
steps 2
steve 4
steven 2
stick 1
still 5
stir 2
stop 1
storage 1
store 1
stored 3
stores 1
stories 3
story 3
straight 2
strange 1
stratksuksuedu 2
straw 1
stream 2
string 1
strncpydgid 2
strongly 1
stroptsh 1
struct 1
structuring 1
struggling 1
struppimedizinuniulmde 4
student 1
studies 1
study 4
stuff 13
subject 105
subscribe 4
subscribed 2
subscribing 1
substitution 1
subversive 1
successful 1
successor 2
such 4
sucked 3
sufficient 3
sufficiently 2
suggest 1
suggested 2
suicide 1
suite 1
sulphurosforg 4
summer 1
sun 28
sunos 4
superhighway 1
supplement 1
supply 1
support 14
supported 7
supporting 2
supports 3
supposed 2
suppositions 1
sure 8
surface 1
surprised 1
susceptible 1
suspect 2
suspension 1
svga 4
sware 1
switch 1
switched 1
switchm 1
swordfishminsteryorkacuk 11
sx 7
sydney 2
symbol 2
sync 2
syndrome 1
syntax 4
sys 1
sysadmins 2
syserrlisterrno 1
sysincludealef 1
sysresourceh 1
syssrc 1
syssrcalef 4
syssrcalefk 1
syssrcalefliblibbio 1
syssrcaleflibp 1
syssrcaleflibport 1
syssrcalefold 1
syssrcaleftest 2
syssrcaleftesty 3
syssrcbootipc 1
syssrccmdupassendrewritec 1
syssrcsssscd 1
system 50
systems 15
systimeh 1
t 1
taa 2
table 1
take 17
taken 2
takes 2
taliskerohmyorkacuk 2
talk 1
talking 1
target 2
taste 1
tcp 1
teaching 2
tech 2
technical 3
technology 1
tell 7
tempf 7
temporary 1
tends 1
term 14
terminal 20
terminals 2
terms 4
test 3
testament 1
tested 2
tests 1
text 4
textplain 22
tfm 1
tftp 1
th 1
than 28
thank 1
thanks 16
thar 1
that 175
thats 13
thaxton 1
thdrqid 2
the 766
theatre 1
their 15
them 18
themselves 2
then 15
theories 1
there 58
therefore 1
theres 14
thermodynamics 1
these 22
thesis 1
they 28
thin 1
thing 9
things 24
think 36
thinking 3
this 125
thomas 6
thomasnaumedizinuniulmde 4
those 12
though 2
thought 2
thoughts 1
thread 1
three 5
threeperem 1
through 4
thu 93
thus 3
tia 2
tidying 1
til 1
tilldavis 1
tim 3
time 15
times 4
timgoodwinpipexnet 1
timikosmacberkeleyedu 1
timimendelberkeleyedu 2
tirdwr 4
title 1
tlindah 1
tmxmhsozau 1
to 547
today 3
todo 1
together 8
tonight 2
tontoksuksuedu 1
too 10
took 2
tool 3
tools 7
topic 4
totally 1
touch 3
toys 1
traffic 2
trap 1
treated 1
tree 2
trick 1
trickiest 1
tried 11
trouble 5
true 2
truetype 1
trunc 3
trust 2
try 12
trying 5
ttr 1
tue 104
tuesday 2
twain 1
two 4
type 10
typefaces 1
ua 2
uarts 1
uc 1
ufs 12
ufsc 2
ugh 1
uix 6
ulm 2
ultrastor 4
um 1
umbcumbcedu 10
unable 1
unavailable 2
unbiased 1
uncertain 1
under 14
understand 7
unformatted 1
unfortunately 1
unfuzzy 1
unicode 9
uninteresting 2
units 1
univ 1
universe 1
university 16
unix 31
unixx 1
unless 4
unlike 1
unlinkfpath 1
unobtainable 1
unthinkingly 1
until 2
unx 1
uo 3
uofo 8
up 51
upas 4
upasedmail 1
updated 1
updates 1
upgrade 2
uphill 1
upon 1
upper 7
upto 2
url 1
ursasisyorkuca 3
ursasisyorkucaozcsepsuedu 1
ursula 1
us 5
usa 2
usable 1
use 36
used 21
useful 6
usenet 2
usenix 6
user 5
userfriendly 1
userlevel 1
users 15
uses 12
using 36
usl 1
usual 2
usually 2
utf 8
utilitarian 2
utilities 3
utility 1
uucp 2
uucprmail 1
uunetinternetprimary 2
uunetmaildrop 2
uunetuunet 2
v 11
val 8
value 1
van 1
variables 1
variety 2
various 7
version 22
versions 5
very 21
vesa 2
vga 2
vhsqbrheinmainde 3
vi 1
via 11
vices 1
video 1
view 2
viewpoints 1
views 2
vijay 31
vijayglumbcedu 20
vijaylocalhost 10
vijayrpcglumbcedu 5
vijayumbcedu 5
vijayumbcumbcedu 5
vinge 1
violation 1
virtues 1
visible 1
vmcms 1
vms 1
voice 1
void 1
volker 3
volume 2
vote 6
votes 2
voting 1
vs 7
vt 1
w 11
waa 2
waadaedalusdcrtnihgov 2
wait 3
waiting 1
walter 1
want 18
wanted 2
wants 4
war 5
warning 1
was 37
wasnt 1
waste 1
way 20
ways 1
wayward 1
wd 1
wdc 1
we 32
weasels 3
wed 117
wednesday 1
week 4
weeks 5
weird 2
weisenalwnihgov 2
weisenfeld 2
weisenlocalhost 2
welcome 2
welcomed 2
well 23
went 2
were 20
weve 4
what 46
whatever 1
whats 2
wheel 1
when 24
where 13
whereas 1
whether 2
which 49
whichoh 2
while 7
who 28
whod 1
whole 7
whove 1
why 12
wide 1
wider 1
widespread 2
width 1
will 39
willing 3
win 3
window 8
windows 3
windowsnt 1
wins 1
winterbottom 1
wisdom 1
wish 2
wishful 1
wit 1
with 420
within 3
without 11
witht 1
wjohnson 1
wolfcsarizonaedu 2
wonder 1
wondered 6
wonderful 3
wont 6
work 47
worked 3
working 18
works 8
world 8
worst 1
worth 3
would 32
wouldnt 5
wp 1
wpmailgermanyeunet 1
wrangle 1
wrathcsumbcedu 4
wrist 1
write 7
writerffdfd 2
writes 3
writing 11
written 8
wrong 3
wrote 4
x 23
xedit 1
xface 7
ximportantsaying 4
xmailer 22
xname 5
xr 3
xterm 4
xultrix 4
xwindow 1
xx 1
y 4
year 1
years 3
yeoman 1
yes 10
yet 11
yigit 5
yodaikennmtedu 1
yodaikensphinxnmtedu 1
york 10
you 97
youd 3
youll 1
youngclarence 1
your 32
youre 4
youve 2
zero 1
zipeecsumichedu 2
zipped 1
