Total Words in Spam: 30132
Dictionary Size (Spam): 4662

a	487
aaaefontp	2
aabcfcvabacacfcakczbfeafpaababefontp	2
aaijk	3
aanol	1
aardw	3
aaron	4
aaxokko	3
ab	1
abaccadabaabaaacybcvafaabcfdaaaa	2
abblbdaboadfontfont	2
abbygrouchocsepsuedu	1
abcababqbdcfontfont	2
abdaqawbadfontfont	2
abdaqbqbdcfontfont	2
abdomen	1
abeyantpjpcom	2
abigailgrouchocsepsuedu	2
abigailgrouchocspsuedu	2
abigailtitle	2
ability	4
ablativ	1
about	15
above	2
abu	3
abuse	1
acaaofontfont	2
academic	2
accelerate	2
accelerating	2
access	4
accessory	1
accordance	1
account	2
accredited	1
accusatory	1
achachall	1
acid	4
acids	2
acobbmshinetnet	2
acquire	2
acquisitions	2
acres	2
acrobat	6
across	4
acrylate	1
act	3
actactposses	1
action	6
actiondhttpforminasp	2
active	1
activities	2
actually	1
acvacvare	1
acviloncom	1
acwxii	3
acxacxwith	1
aczaczpenis	1
adaadnadbddfontfont	2
adabeadtbcfontfont	2
adbuaafcbfontfont	2
add	9
additional	3
address	5
addresses	3
addtolist	3
adeiibhbhqircuwslgtxgldtlynnjzlphjccigbmftztizwfpbhyiihdpzhropsimdmi	1
adiv	30
adivtd	6
adivtdtrtabletdtrtr	3
adjacent	2
adjusted	2
adobe	33
adsldynamicseednettw	1
adslgvtnetbr	3
advanced	2
advantage	2
adventure	2
adverse	2
advertising	2
advice	2
adviscom	4
advised	1
advocates	4
ae	1
aeafontp	2
aebcfontfont	2
aebeffontfont	2
aeeeedbeee	1
aefor	1
aff	1
affidavits	1
affiliated	3
africa	1
africas	2
after	16
again	5
agbbi	3
age	1
agebr	2
agency	1
agent	7
agents	2
aggressive	4
ago	2
agreement	4
agrouchocsepsuedu	2
agsaami	3
agvylcbpbnzlcqwcnmgchvdwxkihvzzsbagugawmbjtyxrpbgyxmg	2
ahbcvafvcdafedvdbaabfontp	2
ahead	2
ahfds	3
ahgetco	3
ahodo	3
ahq	3
ahrens	4
aid	2
aiming	1
aioh	3
akfonttd	2
akjb	1
aknbspnbspnbsp	2
alacrity	1
alert	2
alex	6
alexander	2
alexisgrouchocspsuedu	1
alienating	4
aligncenterb	2
aligncenterbfont	18
aligndbaseline	1
aligndcenter	4
aligndcentera	2
aligndcenterbfont	2
aligndcenterfont	2
aligndcenternbspdiv	2
aligndcenternbspp	2
aligndcenterstrong	2
aligndcenterstrongcbefeedeeff	2
aligndcenterstrongcced	2
aligndcenterstrongceeffeefffeeededeff	2
aligndcenterstrongdcccdccbdccdcec	2
aligndcenterstrongdeeeefeebfcffeee	2
aligndcenterstrongemcedeeceedefe	2
aligndcenterstrongemfeeafefefee	2
aligndcenterstrongfont	6
aligndcenterstrongnbspstrongdiv	8
aligndcenterstrongnbspstrongstrongfont	2
aligndleftfont	22
aligndlefttd	2
aligndright	9
alignleft	2
alisagrouchocsepsuedu	1
alive	4
alkalinesurfactantpolymer	2
all	41
allan	1
allangrouchocspsuedu	1
allen	1
allnatural	2
allow	2
allowed	22
allows	2
alluring	1
almanacs	2
almost	4
alnqvaqmfcancellate	1
along	2
alongside	1
already	17
also	17
altd	10
althea	2
alti	3
alton	2
alumina	1
alvarado	2
alveolus	2
always	2
alyssagrouchocsepsuedu	1
am	9
amavisdnew	20
amawfontfont	2
ambergrouchocsepsuedu	2
ambtjen	2
america	4
americabr	1
american	4
amiegrouchocspsuedu	2
among	1
amontecityofmyrtlebeachcom	4
amos	1
amounts	1
amparogrouchocsepsuedu	1
amrbten	1
an	11
analise	1
analysts	2
analytical	2
anaplasmosis	1
anchor	2
and	307
andes	2
andregrouchocsepsuedu	2
andrew	2
andreweearthlinknet	2
angeles	1
angelgrouchocsepsuedu	2
angelinagrouchocspsuedu	1
angelitagrouchocsepsuedu	1
announce	7
announced	2
announcemysqlcom	7
announces	8
annual	1
annually	1
another	8
answer	2
anticipation	2
antonio	4
any	14
anybody	1
aob	1
aol	1
aonnlmfi	3
ap	2
apace	2
apache	22
apgmoaccessjp	1
appearing	4
appetite	3
appetitebr	1
apple	14
applies	2
appointed	3
approved	6
approximately	4
apr	64
april	7
aqar	2
aqlob	1
araceligrouchocsepsuedu	1
are	67
area	5
arenaceous	2
arial	1
arizona	4
arkenstone	4
arlinegrouchocspsuedu	2
armchairs	2
around	7
arrangements	4
arrears	2
arroyo	4
arsasha	13
artemisia	1
artificial	1
as	61
asbr	4
ashleightitle	1
ashorelawyercom	2
asia	1
aside	1
asinine	1
askbibr	1
asked	7
aspirin	2
assiduous	2
assimilable	2
associated	2
assuming	2
assure	4
assured	2
astrongdiv	24
at	61
atavism	1
atomic	1
atreus	2
attached	4
attacks	1
attn	1
audemars	1
audition	6
auditor	1
audragrouchocspsuedu	2
audreygrouchocsepsuedu	2
aug	54
aul	3
aumrdwd	3
aureliagrouchocspsuedu	2
austin	1
australia	1
auto	6
automatically	1
autopsy	1
available	6
avast	5
average	2
avisited	3
avoid	3
awake	5
award	2
awarded	1
aware	1
away	2
awesome	2
awhielucrpdhvzswgywgqwxizxjysiyxnlzcblbnzpcmubwvudgfs	2
awuigmifrlegfzliancianciaivlacbwcmqzwnawucybagfigp	2
ax	3
axmgysbkaxzlcnnpzmllzcblbmvyzkgytcgfuesbmbncvkiguigv	2
axqgzmxawnisbxzsbhbgwgavdybagfigluihrozsbvawwgynvzawl	2
b	82
ba	2
babedbcba	1
babjcfjpqhab	1
bac	2
back	11
background	9
backgroundcolor	4
bacteria	1
baden	2
bafnpqokkb	1
baitommyfcom	4
bakuuawlnab	2
bale	2
balloon	1
ballot	1
balmhpacksexazb	1
balnauhjbjb	2
bangingg	1
bank	2
baqnckwaakpqonivrkchkbb	1
barbragrouchocspsuedu	4
bard	4
bare	4
barley	1
barnett	2
barton	2
base	5
based	2
basilar	2
bat	8
batch	4
batchelor	2
bats	2
bavaria	2
bazoaib	1
bb	15
bbb	2
bbbnrnnfjngbfmxmqdb	1
bbbr	2
bbdiv	1
bbgirlpatukingoodyahoocojp	1
bbgmizaknxkb	1
bbgmkjijhoijbgmkpmhjnxrzsb	1
bbhjepotnmmawkb	1
bbhkb	2
bbhttpqepzcomgirlgirl	2
bbhttpwwwillusionjpenterhtml	1
bbiivpdjbblkbbr	1
bbjifhcszscfb	1
bbjnndmpdtshpdtjbblkbbr	1
bbolzjsb	1
bbr	1
bbubvipbwrbbscgpb	1
bc	2
bcbace	1
bcbiyxjyzwxzigegzgflcbybvnagxigvxdwfsihrvihrozsbwcmkdwn	2
bccf	1
bcfbdc	1
bckdgqipgkpghbwwgegsbnmimhdhalydcudzmubjnlzeotkveghbwwipgkpghl	1
bckiwjhbkalnagafmxmqdb	2
bckoolgkbbgnlkpgcfjngwqwbckrasksnlgjrbtagb	1
bczywkcybwcmkdwnawuihdpbgwgzjvdybmcmtidegbwlsihrvigv	2
bddb	1
bdeccfccc	1
bdidauknjkoairab	1
bdiv	6
bdiwqwgbkitmjjosb	1
bdmejqhjbblkbbr	1
bdmhvissacb	1
bdmqhjbblkbbr	1
bdzb	2
be	76
beaches	2
bebrfont	2
becabdcbcfbdtd	1
becalm	2
because	6
becdgintgmxabfbmafb	1
become	1
beeddddeeb	2
been	28
before	12
began	4
begging	4
begin	2
begun	1
behind	2
being	9
bejpdjbblkbbr	1
believe	1
believingbr	1
beljlpltmlbgb	2
bellflower	1
bellwetherreportcom	2
below	2
belowbbr	2
beneficiary	2
benifits	1
bent	4
benthic	2
bentley	2
bepofijjfbiommmhkb	1
bepolnajngbgmxmqfb	1
bepormmncficjagb	1
bernicegrouchocspsuedu	1
best	9
bestowal	1
bestsellers	3
bestsellersdivtdtrtr	3
bethgrouchocsepsuedu	1
beulahgroucho	1
beverleygrouchocsepsuedu	1
bevhosmmnnokhjpfngdlfjngb	1
bevhvahoshmminpnangdfjb	2
bewhiskered	2
bewilderment	2
bezwtjuguboynbcogyuytpjhdqrbdjdwvvudifkqxqqmhzwtlfqoxnssuvqcjcbfjg	1
bf	1
bfbc	2
bflnagsmipmhkhafhbmjb	1
bfont	3
bfqcqzhvbzeetryzxipmhvpqdxtolrlrirdtvlyluinpbnillxvahifqldbbhgpdcgr	2
bfqhqgqhqlnab	2
bfvcarxverlesecv	3
bgbmuceaoijb	1
bgcoloraquamarine	2
bgcolorblack	1
bgcolorbrown	3
bgcolordddaeb	2
bgcolordeee	1
bgcolordffffff	19
bgcolordfffffffont	1
bgcolorgray	4
bgcolorgreen	2
bgcolororange	3
bgcolorpurple	2
bgcolorred	5
bgfuayipgltzybzcmmimhdhalytexvybcjbudhcvbwqxosigywxpsjmtdpiibuywl	1
bgqhruknjob	1
bgwownrhacb	1
bhapjngrfkrcgknevhnfcdgbmjngohitbmwagkblsajitaadfepohcittyrlztojniajwrpjgedllejfdzjpjsimrmxmqnfmmkonbjmjhbrdscwbbr	1
bhappybbr	1
bhhygcwilb	2
bhlingocom	1
bhqmqeykholzsb	1
bhzfbnzldgoakurmxmqbbr	1
bibut	2
bicckhwevhgodmpjsovpheykhkb	1
big	12
biid	5
biiuoblswwzlzycdplzavjjomdyskpozfegjxywcfgqnhchvafdydryohxmteiw	2
bilbo	8
bills	2
bind	1
biochemic	1
biokpqb	1
bissoaibhttpqepzcomgirlgirl	1
bissxnffbobhttpqepzcomgirlgirl	1
bit	101
bitwise	1
biushe	5
biwhat	1
bjacbyzxzlcnnlzcbkaxjlyrpbgdggdgfrzsbbbgjlcnrhigpbcbz	2
bjaobcccb	2
bjaqxtexqvhlpxcavlirfqbchtehfdvxybtlvynxmgrfhnzuufasfeoyrrgsjazry	1
bjegsb	1
bjegsnkhobfkhjwnrchhrb	1
bjileeochvfnrlnab	2
bjkjhrjvfkngkgkevksexfknhjb	1
bjrimwhfkjbtcffpjlpoijafojntfnokldolbbr	1
bkanbngrmmndmpjsimkhjahsgb	1
bkanhbngmmkgcajjcrjeafjb	2
bkhvmissckhisscajpqzyb	1
bkopfpfmbfoealdhghgdlglfnkabolivealvaradoocyouronlinenet	2
black	4
blackboard	2
blackbody	2
blank	2
bldkb	7
blesvssjuinrwdamquaoaoppcgdvarqsncifjnazoecgefpdpqelflvqiwownjgoyuznrzrwhaciwogyolloafynfbyzapsashowopq	1
blfhnepoumwlnab	2
blimp	1
blmgohfpmhjchbevknculhjcfhcwbbr	1
blnkhlrwjbblkbbr	1
blnkhpljbblkbbr	1
block	9
blockjicbflkbnvsjwkbncjwhnbbhfbjkflkojdbilvjsfslnlbbr	1
blockquote	1
bloop	1
blue	1
blwunirerzhewwzatmcsljsfuxfdkqzxevbvtnvxjdevfvsgwpllcgqgmjftmaoflyfh	1
bmanajjajwlnab	2
bmanajjraakjkbhmjrbhlkmjib	2
bmbcvafbqbddawbafap	2
bmbrankbkhissvlsbgxb	1
bmclvmmxjb	2
bmmmbbalrpb	1
bnahrxlnaygbnfb	1
bngijnxncngkbjjbnrjdhepotnkkakocfkbgmnrrlsjjrhkndczba	1
bnnamgllxcgowmjfb	1
bnyasralnagafmxmqdb	2
board	4
boasts	2
bobbiegrouchocsepsuedu	2
body	93
bodyhtml	2
boib	2
bold	12
boldbpricecolor	3
boldcolor	3
bolo	1
bomycziicdgygbgygfgyfbcsocludwooasmqgsuhfcquohgysegghjggdoyglbiiiqoxjmm	1
bon	1
bonniegrouchocsepsuedu	1
boom	2
booming	2
bord	2
border	44
borderbottom	13
bordercollapse	3
borderd	20
borderdadiv	1
borderleft	11
borderright	9
bordertop	10
bore	4
bores	4
borne	2
botdsaveresults	2
both	1
bothnbspdiv	11
bought	1
boundary	3
boundarydragon	18
boundaryecacefeefdfe	1
boundaryeedab	1
boundarynewbond	4
boundarynextpartace	1
boundarynextpartbce	1
boundarynextpartc	1
boundarynextpartcacfe	1
boundarynextpartcaeaff	2
boundarynextpartcbbf	2
boundarynextpartccaa	1
boundarynextpartccfa	2
boundarynextpartccfcdd	2
boundarynextpartcd	1
boundarynextpartcdb	2
boundarynextpartcddd	1
boundarynextpartcebabec	2
boundarynextpartcedcd	2
boundarynextpartcefdd	2
boundarynextpartcfed	1
boundarynextpartdecbbdbf	2
bovrfqnrbyvuuvtauihjxopqzapqaawwawtfgclhvamvnazqnweyrduaurxkrfpfflnd	1
bpfolhkllsxmjnmmjb	1
bpiwqhfwskatlmindspringcom	1
bpjhhgsb	2
bplknjnflrbfb	1
bplob	1
bqegvozdvdorjvyiwxathylkxlwtyvmkkdwtngdicqoabceqtdjwpsfgdzbqqbptlvlmfu	1
bqjkcnnhqsvblets	1
bqrhkqjbblkbbr	1
bqrpdjbblkbbr	1
br	204
bradd	9
bradford	1
bradleygrouchocspsuedu	1
brag	1
brain	1
brb	2
brbewilderment	2
brbmother	1
brbr	17
brbrbrbrbrczuwjsetoeqhxmz	1
brby	2
brcalls	1
brconsulted	2
brdiv	30
brdivblockquotebodyhtml	1
brdivbodyhtml	13
brdwarves	1
breathe	2
breitling	1
brentgrouchocsepsuedu	2
breyes	1
brfont	1
brfontdivbodyhtml	3
brformer	2
brgoblins	2
brhardly	1
brhave	1
brhelp	2
brian	1
bridgeheads	2
brighten	2
bring	19
brinto	2
bris	1
brit	2
brknow	2
brmedusans	2
brmountain	2
broadjhzjdynamiccndatacom	2
broadtzzjdynamiccndatacom	2
bron	2
brooke	4
brought	2
brprivate	1
brqhbnomailmelchcom	1
brsparks	2
brtdtrtabletable	6
brtdtrtabletdtrtablebodyhtml	3
brthe	3
brthey	3
brul	3
brundige	4
brundigeutechnologynl	4
brvulgate	2
brwar	2
brwas	1
brwho	1
bryan	1
bryozoahelplistsmysqlcom	2
bsbqzxrybxldwsieluyygshvnzsbuzxdziglzigdvawnihrvihnlbmqg	2
bscetcom	1
bsyjpptdzwbcjtdclzqqvkgmtynermipumcxyxkamgvwavcuvvddzrscjbqofjfyvjywlohm	1
bsypmwbbvfsddcygrubdrxyupylleyscxvrozdbdmibmnbegxdawvkcemqhrprcbnzjgiwceibyjninqxaufkmgbmasvbgrujqqwxulua	1
buabfonttd	4
buattention	4
buephedra	2
bugdownstatept	2
buggy	2
build	9
building	2
bukkaake	1
bulive	5
bulk	7
bun	1
bungle	1
burger	1
burglar	1
burn	2
business	4
bustbeltsvillesitadellecom	1
buszoprvpl	2
but	33
butruth	1
buukkake	2
buy	5
buying	8
buyingbr	4
bvacncgkuhjvzhvjdglvbibpbibbbgjlcnrhiglzihvwidyxjsbwzxjj	2
bvbojnxopmhkwbbr	1
bvboknxpmhjwb	1
bvlgari	1
bvnxhfniuggbrbiwb	1
bvpqohrmxmqfkhrokcniljwhjbb	1
bvwkwgbiwb	1
bvyiglehqgdlubmvyogkdqoguhjlbwlbsbqzxrybxldwsieluyyg	2
bwehejbblkbbr	1
bwfyavlcbzzwxlyqgchbgwgzwlcmdigrlywxzigfyzsbmbhlpbmcu	2
bwnllsrwcwncaeokb	1
bwnricknrxakjjjqhb	2
bwqwhjlfblub	1
bxlcmwuytlnrlkmtkiigfsdditehtyigbmftztitehtyigdlkdggijemcigagvp	1
by	272
byblm	3
bybocfbckhonlgbbkjenrdlabilvbtamghshwckjteffwcfjenjvjkogbbr	1
byi	3
bynjsxlecbzefgbwwgyzeicvkupaxkdmecldeiejdhibiesaufvgcsvwhgkkgiehovit	2
byoaiibhttpqepzcomgirlgirl	1
byourlhjngb	1
byzyzyzyzyzyzyzyzyzyzyzyzyzyzyzyzyzyzyzyzyb	1
bzalnaggwnzulrpjb	1
bzba	4
bzdb	2
bzjocnijdddkevnkhrdddddb	1
bzkhdksrlxb	2
bzrokfozb	1
bzvpmhwnrcnrlprdapb	1
bzxafgyzyxczrlkujhudwznfdstvcebxjrprbgxhqivnkrvixzpclnwtklfrwzzcdsp	1
bzyzyzepogevkzyzyzyzyzyzyzyzyzyzyzyzyzyb	1
c	83
cabledynamicgiganettw	1
cableepmnetco	2
cacao	1
cacbafccfbdc	1
cacbfdddacuxt	1
cactus	2
cadefaacdgg	2
caeaffflocalhost	2
caeeececeedfefee	2
caffeine	2
cafontsize	3
cairn	1
calamitous	1
calcareous	2
call	7
called	6
callis	1
calls	3
calories	1
came	2
campaign	29
campaignbr	2
can	20
canadian	4
cane	1
canm	2
canning	2
cantex	10
cantor	2
canyon	6
capital	2
capot	1
car	2
carawayhelplistsmysqlcom	1
carbonic	2
card	2
care	6
career	2
carefully	1
carlagrouchocspsuedu	2
carmela	1
carrock	8
carrocks	2
carrollboykinboinkmecom	6
carry	1
cart	9
cartacenter	9
cartier	1
casandragrouchocspsuedu	2
cases	2
caseygrouchocsepsuedu	2
cash	5
casset	4
cat	2
category	7
cavemen	1
cbbaeba	1
cbdafacjofef	2
cbebfontfont	2
cbnorg	2
cbs	5
cc	9
ccbbacjvq	2
ccbdbefvudwwhp	2
ccbyhotmailcom	1
ccc	3
cccbbf	1
cccbcecfdceccccecddcc	2
cccbdeccf	1
cccbebeee	1
cccccccchotmailcom	2
ccccddddcce	2
ccdcccccstrongdiv	2
ccdcd	2
ccdcdstrongdiv	2
ccdfdccbdccdceddc	4
cced	4
ccedd	2
ccednbspeaeedfeebfffee	2
cceefeaeefeb	2
ccfce	4
ccfclerarnnarxernar	2
ccfefefffebeefeaeff	2
cdbcdba	1
cdbfbb	6
cddc	2
cddccc	4
cddcfontdiv	2
cdedcacmbg	2
cdeeeceedeaebeffffb	2
cdeeeeff	2
cdeeefbe	2
cdeefbeae	2
cdeefecefeefb	2
cdeefecfb	2
cdefectgrotesquedeernet	1
cdflocalhost	1
cdiivgddiivc	2
cdiivhina	4
cdiv	6
cdysdkodiakcomputercom	2
cdysdkodiakcomputercompt	2
ceccdcfcdccdcc	4
cecdcccecccdcdestrongdiv	2
cecfcebacnha	2
cedcccdcccdccecdcdcec	4
cedeeefefedeee	2
cedfeefecefeeeededeefeffeeeefedeff	2
ceeaee	2
ceebeeeeee	2
ceeceeedfffefeff	2
ceeeedee	2
ceeefefefeedee	2
ceefb	2
ceefee	2
ceeffeeededeeffe	2
ceeffeefffeeededeee	2
cefcefacacl	1
cefeccbcacmzt	2
cefedeeeedfbe	2
cefedeeeedfbf	2
cefeeecefeeefeff	2
cefeeedeeefeeeededfbe	2
cefeeedeeefeff	16
cefeeeeededeeffe	8
cefeeeeededeeffenbspeefeeedeeefee	2
cefeefecebeedee	10
cefeefffeeededeefffc	2
cefefe	2
ceff	2
cell	2
cellpaddingd	4
cellpaddingdtr	12
cellspacingd	15
cellspacingdtr	3
cellulose	4
center	16
centeredness	1
centerproducttable	3
cents	7
centumepilepticellajp	1
centuries	2
ceo	1
ceremoniesbr	1
certificate	2
cession	1
cetcom	1
ceylandzeoorg	4
cfbeeef	2
cfbfbddachme	1
cfcbcdb	1
cfcbcdbcdcdbdcb	1
cfccbacmed	2
cfce	2
cfcecfgq	1
cfcfedaccil	2
cfdcccfdcdfdcdffont	4
cfdcccfdcdfdcdfraquofontstrongdiv	4
cfeeebeeeeedee	2
cfeeeeeefeeeeae	2
cfeeeefeeebeedee	2
cfeeefffee	2
cfeefffeeeea	4
cfefdapplyapplycardloanmcoded	1
cfefdapplyapplycompanyloanmcode	1
cfefecdbbfqrcmigh	1
cfefefefeffeeeebeedee	2
cffeeafeeae	2
cffeeec	2
cffeeecefefeeefe	2
cffeeeebe	6
cffeeeebeecfb	2
cffeeeebenbspefeeeefe	2
cffeeeefeae	2
cffeeefefefedeefffc	2
cfont	3
cfontgdcfont	2
cfontgdfontc	2
cfontgdfontcbr	4
cgdc	2
cgljbxvcjogizgmdawmdsncglmblxdlawdoddogymszdsncnncitpgkpczdhlszt	1
cgxvaxrpbmcgdghlihzhcqgblsigfuzcbnyxmgcmvzzxjzxmgbygtmy	2
chance	2
change	8
changed	2
chaplinmail	2
chapter	2
charming	1
charsetcharset	4
charsetdbig	4
charsetdeuckr	1
charsetdusascii	17
charsetdwindows	2
charsetdwindowsstyle	3
charsetgb	5
charsetiso	61
charsetisojp	14
charsetusascii	55
charsetwindows	34
chauncey	1
chaya	2
chayim	4
chayimaktkadancz	4
chdiivindiivfonta	2
check	8
checkitmailat	2
chelseagrouchocsepsuedu	1
chfontina	2
china	18
chinabr	4
chinas	4
choice	2
chose	2
christiegrouchocsepsuedu	1
christinagrouchocspsuedu	1
christopher	2
chsdilcomcastnet	2
cierratitle	1
cindygrouchocsepsuedu	1
circa	1
circumference	1
circumvention	1
citizen	1
cityofmyrtlebeachcom	2
cla	2
claim	3
claimed	1
claiming	2
claims	8
clap	4
class	2
classdbbfont	22
classdborder	9
classdbprice	9
classdcompacteddescription	9
classdcompactedimage	9
classdcompactedpricecenter	9
classddgts	9
classdgreylink	9
classdhpmaincenter	6
classdhpmaintable	3
classdhw	3
classdmoney	12
classdodd	12
classdpaddingdiv	6
classdproducttable	12
classdrating	9
classdspcontli	3
classdspcontliadobe	3
classdspcontlims	3
classdspprice	9
classdsptitle	9
classdstyle	22
classdtitlelink	9
classdtop	6
classes	2
clean	5
clear	1
clearance	1
clearing	4
clearly	1
cleft	1
cleogrouchocsepsuedu	1
click	1
client	2
clientspeedynetpe	2
clifford	2
climb	4
climbing	2
climbingbr	2
climbs	2
clisk	1
close	2
closing	2
cloud	2
clouds	4
cltymsoibuckgffapifgffricbthwgxybjdxjyzwbhkgdhjhzglu	2
cm	1
cmgaxrzihrozxnligfubmbmnlbwvudhmgdghhdcbtywtlihrozxnlihn	2
cmugdghhbiabwlsigjhcnjlbhmgcgvyigrhesbvdmvyihrozsbuzxhidi	2
cn	1
cnofws	15
cnqbgi	3
cnrhjmgblsihnhbmrzigfyzsblehblyrlzcbbybwcmkdwnlideummp	2
coating	1
coatings	1
cocacolaghcom	1
cock	1
code	1
codfish	1
cofontrp	2
collapse	3
collected	2
collection	3
collectionaul	3
colleengrouchocsepsuedu	1
colloq	1
colonies	2
color	51
colord	28
colordbe	9
colordcccbcecfdceccccecddcc	2
colordcccbcecfdceccccecddccenbsp	4
colordced	6
colordcfed	6
colorddea	5
colorddfc	6
colorddfcablativfontdiv	1
colorddfccapotfontdiv	1
colorddfceucalyptufontdiv	1
colorddfchaystacfontdiv	1
colorddfcmesiafontdiv	1
colordffabbbcafbsbjccaa	2
colordffffff	8
colordi	20
colords	2
colorffffffbr	7
colorwhite	36
colorwhitea	2
colorwhiteb	2
colorwhitebhow	1
colorwhitebsee	2
colorwhitebsimply	1
colorwhitebthis	1
colspand	2
com	4
combination	2
come	3
coming	4
command	2
commence	4
commentsfreesexpicturescom	4
commission	1
committable	1
common	4
communication	2
compacteddescription	9
compactedimage	6
compactedprice	6
companies	5
company	31
companybr	2
companys	4
compel	1
compelled	1
competent	1
complete	8
completed	4
completely	4
complications	1
components	1
comport	1
computer	1
computers	2
concettaolsenfinolexindcom	6
conclude	2
conclusionbr	2
conduct	2
conference	2
conferred	1
confidential	3
confidentiality	4
confirm	2
confirmation	2
confirmlandcom	4
conformity	1
conglomeration	1
congratulation	1
congratulations	4
conjunction	1
conklin	4
consequently	1
consider	2
considered	2
consist	2
consoles	2
constancegrouchocsepsuedu	2
constantin	1
consult	4
consulted	2
consume	3
consumer	6
contact	13
contacted	2
contained	1
containsbr	1
contaminanttroublept	1
contentdfrontpageeditordocument	4
contentdisposition	4
contentdmicrosoft	4
contentdmshtml	19
contentdtexthtml	27
contentdzhtw	4
contentenus	22
contentguyscom	1
contentid	1
contentmshtml	1
contentreturn	22
contenttexthtml	23
contenttransferencoding	159
contenttype	201
contenttypetexthtml	1
contenttypetextplain	11
continue	3
continued	1
contracted	2
contractual	2
contrivance	1
contrive	2
control	1
convexecuadorvinsonpt	1
cool	4
coordinator	2
coordsd	2
copper	2
corfontpbr	2
corinnegrouchocsepsuedu	1
corp	16
corporation	11
correspondence	4
correspondent	5
corrinegrouchocsepsuedu	1
corsicana	6
cortez	2
cost	4
costeffectively	2
cotalls	2
could	6
counterexample	2
countries	1
country	2
course	1
courtrooms	2
cover	1
cpekcresrrcom	2
cpvxselsiurlcomtw	2
crack	4
crazy	4
creamy	1
create	3
created	4
credit	4
crestwoodonlineu	1
cried	4
criteria	2
croak	4
cromwellian	1
crumple	1
cs	6
cstrongdiv	6
ctallys	2
ctealls	2
ctxe	4
cucumber	2
culture	3
culver	2
cum	1
curebr	1
curlicue	1
current	17
currently	6
currentprice	2
custard	2
custcfcadslscarletnl	2
custom	1
customer	5
customershoodia	4
cutting	1
cw	3
cwagqaqbg	3
cwtd	14
d	22
dab	22
dabcababqbdcag	2
dabdaqawbadag	2
dabdaqbqbdcag	2
dacaaoag	2
dad	1
dadabeadtbcag	2
dadded	1
daebcag	2
daebefag	2
dahomey	1
daily	2
dain	4
daisy	1
dam	1
damaawag	2
dana	4
dark	6
darlapresleyrealtytraccom	1
darrell	1
darrellgrouchocsepsuedu	1
darylgrouchocsepsuedu	2
date	110
datebr	2
dated	2
dating	2
daughter	1
daxicoqzzncom	1
day	15
daybiu	5
days	14
daytona	1
db	1
dbxghtondqdsgomaqltigwnurqtzoorzdijrswfbgygbglnyagtofbsyatoxntqlq	1
dc	4
dcbebag	2
dcbmyxniguihroaxmgblisbbiehcnpdmugufigqftcgfpzgaxmg	2
dcbtbliejprybozvdziqkdqoguhjlbwlbsbqzxrybxldwsieluyyg	2
dccd	2
dcdcdcecbceccc	2
dcdcdcecbcecccfont	2
dcecdcccccdcddbc	4
dcetcom	1
dcobbmshinetnet	2
ddd	18
dddddd	1
ddeafefeffeee	2
ddebeeaffeeededeefeffeeeeff	2
deaaf	1
deal	3
dear	2
debacaenetscapenet	1
debbiegrouchocsepsuedu	2
debrief	2
debug	1
decal	1
decide	2
dedicated	2
deeafefeff	2
deeaffee	2
deeds	4
deeeec	4
deeefeebfcedeee	2
deeefeebfcedfbe	2
deeefefeeraquo	2
deeefffefeff	4
deefe	2
deefeeeeff	2
deeffee	2
deeffeeebeedee	2
deeffeefeaeee	2
deep	2
defedeeae	2
defedeeebeeeeff	2
defeff	2
deffeecefeeefeff	2
defreyahoocojp	1
degree	2
delays	1
delirium	1
delivering	2
delivery	1
deliverybr	2
dell	1
delorisgrouchocspsuedu	1
demands	1
dembroidmecom	1
demolition	2
demountable	1
denude	1
department	1
deposited	1
depositsbr	2
depression	2
depressionbr	5
deputy	4
derangehelplistsmysqlcom	1
deregulatory	1
desert	2
deserve	2
designed	2
desire	5
desk	5
details	5
determines	2
develop	2
developing	4
development	12
developments	2
devmailnet	13
dfaaed	1
dfeedeedee	2
dfeeeeeeedeff	2
dfeeffee	2
dfef	4
dfeffedeeae	4
dghlcmgqfuywrhliagvlacbhihncmuzybtywhzvtzwigfuzcb	2
dghligluzmybwfawuignvbnrhawlzcbpbibaglzihjlcgydcgumf	2
dhcpkgpttnchartercom	2
diabetes	1
dialadamantua	1
dialcctcnet	4
diann	2
dickinson	2
dicks	2
did	13
die	1
diet	6
dietetic	1
difdseficom	4
difficult	2
difficulties	5
digiconcom	1
digit	2
dirdltr	1
director	4
directors	4
directory	2
directrices	1
disappoint	1
disciple	1
discipline	2
disciplined	2
discovery	2
discreet	3
discriminant	1
display	9
disqualified	1
distant	2
distinct	2
distorts	2
div	1336
diva	17
divbegan	2
divdiv	8
diversified	2
divert	1
divfeathers	2
divfont	44
divhidiv	8
divhobbit	2
divider	2
divnbspdiv	90
divnwkplxhdiv	1
divsfont	2
divspanmiddotnbspspanstrongcceffee	2
divspanmiddotnbspspanstrongcedeeeeefeeeedeec	2
divspanmiddotnbspspanstrongdeeceedeffb	2
divspanmiddotnbspspanstrongdeeefffefeff	2
divspanmiddotnbspspanstrongdeffeeeae	2
divspanmiddotnbspspanstrongdfeffedeeae	2
divspanmiddotnbspspanstrongdfeffedeeaeec	2
divspanmiddotnbspspanstrongucedeeceedeeu	2
divstrong	2
divstrongfont	12
divstrongnbspeceffnbsp	2
divstrongnbspstrongdiv	2
divthey	1
divto	2
divtopbackground	3
djreortgdrdaumnet	2
dleseorg	2
dlingocom	3
dlinkmidwaynetnet	1
dlinksaddlemtnnet	1
do	23
doctype	25
does	1
dogmas	2
doing	1
dollars	4
domainkeysignature	15
domainkeystatus	2
dont	10
double	1
doubts	1
dow	2
down	29
downdown	5
downgrade	2
downsidesbr	1
dowsleyassociatescom	1
doyle	2
dozens	2
dplanettodaycom	2
dpluscom	1
dpqsbubyhamptonroadshostnet	4
dqonckvdybpcybagugdgltzsbbybwawnrihvwihnvbwugbyguhjlbwl	2
dqoncldpdgggdghpcybzywlkihdlihdvdwxkigxpaugdggchvdybbug	2
dragon	54
draw	6
drawn	1
draws	4
dreambr	1
dreams	2
drew	1
drgs	2
drill	2
drilling	12
driven	4
drove	2
drug	1
dryjm	2
ds	2
dsdehotmailcom	2
dslbpoolsarcoripnet	2
dsldynamicttnetnettr	2
dsltelespnetbr	9
dssneoplusadsltpnetpl	2
dstitlemeta	3
dszlb	3
dtelebrightcom	2
duanegrouchocsepsuedu	2
ducvypgdyymjfinfujies	3
due	2
dugout	1
dump	1
dunham	2
duolcombr	2
during	2
dusty	2
duties	1
dutwzqtl	3
dvd	6
dwarves	3
dwkzxjyxkgzmyifrzxnkyxkgywkigfsbcbaglzihdlzwssievcgvj	2
dxij	3
dy	2
dynamic	2
dynamichinetnet	2
dynamicxdsllineinodeat	1
dyweaysinacom	1
e	206
ea	4
eaaf	1
each	11
eaebeffefeeaefee	2
eaeedfeebfffee	2
eaeeebefeeaefee	4
eaeeebefeeaefeeeededeee	2
eaeeececeffefeaeff	2
eaeeeceedeefeeeeeea	2
eaeeecefebeeafe	2
eaeeecefebeeafeeeeedeff	2
eaeeeceffcfefefedfbe	2
eaeeeceffee	2
eaeeedfebeeafeece	2
eaeeedfeeeedfeeebfcedfbf	2
eaeeedffeeebfc	6
eaeeedffeeebff	4
eaeeefee	6
eaeefefeefefeeedfbf	2
eaeeffefefeeedeeedfee	2
eafefeaeeffeefedeeec	2
eanbspfeeafff	2
eanpjzfducvypgdyymjfinfujies	2
eapntwanl	1
earliest	2
early	4
earning	2
ears	2
earthlinknet	2
earthmove	1
east	1
eat	6
eatcgou	3
eaten	2
ebefedeeecf	2
ebefeece	2
ebof	2
ecaaacfefysdxxauqc	1
ecacefeefdfe	2
ecbabcadalawyercom	2
ecefeeeefefeaeece	2
ecefeeeffefffee	2
ecefeeeffefffeestrong	2
ecefefeeebeecestrongdiv	2
eceffe	2
eceffee	2
eceffnbsp	2
echinoderm	1
economic	2
economy	1
edcefdbddbcbuzc	1
ede	5
edeebefefffontdiv	2
edeeeceedeaebefff	2
edeeeceedeaebefffeee	2
edeefbeae	2
edeefecefeeedfbf	2
edeefefeaeee	2
edeeffeeebeedefe	2
edeeffffeeedeff	2
edefeebfcedeeae	2
edefeeeebfeeeedee	2
edgargrouchocspsuedu	1
edge	1
edithgrouchocsepsuedu	2
edition	6
ediv	12
edmmynsto	1
edmokmessencom	2
edspan	2
edtoceabhbaaemailcomtw	2
eduardo	2
educate	4
ee	16
eeaeafeeefefee	2
eeaeeeeceff	2
eeafeee	4
eeaffb	2
eeahmeee	1
eebeedeaeee	4
eebefeeededfbf	2
eebeffe	2
eebeffedee	2
eebfee	2
eebff	4
eeceeedfeeeeeeedeff	2
eeceeeeecnbspcbefedeee	2
eedab	2
eedeeedfefeeefeff	2
eedeeefefedfbf	2
eedeefeedeff	2
eedeeffefeeeededeee	2
eedfbece	2
eedfeefecefee	2
eedfeefecefeeeededeee	2
eedfeefecefeeeededeeefeeefeaeeefbf	2
eedfeefecefeeeededeefeffeeeefedfbe	2
eedfeefecefeefontdiv	2
eedffffeafee	4
eedffffeafeff	4
eee	10
eeeaeeedeeeefeebfcffeefontdiv	2
eeeb	14
eeebe	2
eeebeedefe	2
eeebeeeeeeee	2
eeebeeefbf	2
eeebeeeffeeeeeeeeffee	6
eeebeeeffeeeeeeeeffeee	2
eeebeeeffeeeeeeeeffeefontdiv	2
eeebeeeffeeeeeeeeffef	2
eeebefeee	2
eeeddccccddeee	6
eeedfc	2
eeeeaebeeedfbe	2
eeeeafeceedf	2
eeeeafeceedfe	2
eeeeafeceedfeece	10
eeeeafeceedfeee	20
eeeeafeceedfeeeeeeefeefe	8
eeeeafeceedfeeefontdiv	2
eeeeafeceedfeeenbspceeeaebee	2
eeeeafeceedfefee	2
eeeeafeceedffb	6
eeeeafeceedshyfeece	2
eeeeafeceedshyfeee	2
eeeeafshyeceedfe	2
eeeeafshyeceedfeee	2
eeeebeedeeffedfbe	2
eeeebeedeeffedfbece	2
eeeebeeeefeeceededeeeee	2
eeeedeeeeenbspee	2
eeeee	2
eeeeeceeeeeffeeff	4
eeeeeceeeefedeefeedeff	2
eeeeedeae	2
eeeeedeaeee	2
eeeeedeedfeece	2
eeeeedeff	6
eeeeeecffeeededfbf	2
eeeeeefefedeeffe	2
eeeeeffeeeshyeeedefe	2
eeeefe	4
eeeefefefeedeff	2
eeeefefefeedfb	2
eeeefefefeeefefee	2
eeefaeece	2
eeefafffedefeebfcedfbe	2
eeefb	4
eeefeedeff	2
eeefeeeefeae	2
eeefeefestrongdiv	2
eeefefe	2
eeefefeae	2
eeefefeedee	2
eeeffee	6
eeeffeedef	2
eeeffeedefedeeec	2
eeeffeeeae	2
eeeffeeededeeffe	2
eeeffeefshyffee	2
eeeffefefeff	2
eeeffeffefeeee	2
eeefffefe	2
eeemeeee	1
eef	6
eefafffeff	2
eefeaffbfeff	2
eefedeeeedfbe	2
eefedeeefbnbspefeeeeeefeeeeae	2
eefedeefeedeff	2
eefeeecefeeefee	2
eefeeedeeefee	14
eefeeedeeefeestrong	2
eefeeedeeefeff	6
eefeeedef	2
eefeeedfb	2
eefeeeeededeeffe	4
eefeefb	2
eefeefecebeedee	2
eefeefecebeedeff	6
eefeefeee	2
eefefe	6
eefefeceedeeeefeee	2
eefefeceedeeeefenbspe	2
eefefeeebfcedfbf	2
eefefefef	2
eefefenbspstrongceeefefefeedee	2
eefefestrong	2
eefeffb	2
eefeffeeeae	2
eeff	2
ef	3
efbeeeffb	2
efbeefe	6
efbefeeebedeedeff	2
efee	14
efeeceede	4
efeeebedeeeee	2
efeeebeeeeedee	2
efeeebfceeeeeedeff	2
efeeebffef	2
efeeeceefedeeae	2
efeeeceefedeeaeee	2
efeeecefeedefe	2
efeeecefeedeff	2
efeeedefffeffff	2
efeeedfffee	2
efeeeebeededeeae	2
efeeeeeeedeff	4
efeeeefeaeee	2
efeeeefeffc	2
efeeefbfeedee	2
efeeefbfeedeff	2
efeeefeeeeebeedeffece	2
efeeefeeeeebeedeffecefontdiv	2
efeefefefeebee	2
efeefefefeebeenbspdeffeeebeedee	2
efeeffeeffededeeeee	2
efeefffeedeefontdiv	2
efeefffeeeea	2
efefeeebedeedeff	8
efefeeebedefeebfcedeee	2
efefeeebfceeeeeedee	2
efefeeebfceeeeeedeff	4
efefeeeeeeefeee	12
efefeeefe	4
efefeefeeeeeefeeeeae	2
efeff	2
efeffcece	4
efeffedefeee	2
efeffedefeeefontdiv	2
effe	2
effect	2
effective	2
effectively	2
effects	12
effectsbr	3
effectsbrbr	2
effee	2
effeeceedeedeff	2
effeecefeee	2
effeee	10
effeeebeeeeffff	2
effeeebefeedee	2
effeeebefeedeff	2
effeeece	4
effeeeceee	4
effeeecefeee	2
effeeedeee	4
effeeedeeec	2
effeeedfeeeeeeedeff	2
effeeeeafeee	2
effeeeeb	4
effeeeebe	4
effeeeebeecedfbece	2
effeeeedfefee	2
effeeeee	6
effeeeeeedeff	2
effeeeeeeedee	2
effeeeeeeedeff	2
effeeeeeeffeedefeebfcedfbe	2
effeeeeefbf	4
effeeeeeff	2
effeeeeffeeebffeffff	2
effeeefeecec	2
effeeefeececedeeeee	2
effeeeffefffee	2
effeeeffefffeff	4
effeeeffefffefffontdiv	2
effeeefffee	2
effeeestrong	2
effeefeeeaeeebe	2
effeefeffeeeedeebfcedeee	2
effeefeffeeeedeebfcedfbe	2
effeeffeeebeedeff	2
effeeffeeebeedeffnbspe	2
effeeffeeefeebfcfeaef	2
effeefontdiv	2
effeshyeeeb	2
efffef	2
effnbspcfebeedefeeeeedee	2
efnbspeffeee	2
ehrflmugunlingocom	2
eileen	2
eileengrouchocsepsuedu	1
eintgmxabfbmafbmsahinetnet	1
ejaculaton	1
ejoymall	1
elan	1
eleanorgrouchocspsuedu	2
elect	2
electrician	1
elephantine	2
elinorgrouchocsepsuedu	1
elisegrouchocsepsuedu	2
elizagrouchocsepsuedu	2
eloise	2
else	1
elsewhere	2
elvagrouchocspsuedu	2
email	8
embrittle	2
embroider	1
embroidmecom	2
emerged	2
emerging	2
emiliagrouchocsepsuedu	1
emilio	2
emotional	1
employing	2
en	7
enbsp	2
enbspspan	2
enchkloanmcodedeaaf	1
encore	6
encourage	1
end	1
energetic	2
energy	9
energybr	10
engaged	7
engel	4
enhance	2
enhancement	6
enhancing	4
enjoy	1
enlarge	4
enroll	1
enrolled	1
enshroud	2
ensure	1
entertainment	2
entire	6
entitled	2
enus	1
envelopefrom	5
ephedra	7
episcopal	1
equity	2
equivalent	1
er	6
erato	3
erctions	1
erectile	7
erection	1
erhe	2
ernestinetitle	1
esmtp	11
espinosa	1
estate	4
estefani	1
estimated	4
estrongdiv	2
et	4
eucalyptu	1
eugenegrouchocsepsuedu	1
euro	6
europe	2
european	1
europeans	1
euros	5
eurosone	1
evan	2
evaporate	2
even	13
ever	2
every	5
everyone	3
ewmdamcawmdaymhawmdawcdawmdadowmgxnaoxammneygwibfxgunscofizazemcwddawm	1
ewxlihrcguinrlehqvynzijncjwhlsncitvflmrtigewkcwzvbnqtclztogmzzwedsn	1
examinations	2
example	2
exapmle	1
exciting	5
exclusionaryagrimonypt	2
executor	2
existing	2
expansion	2
expec	2
expect	2
expected	2
expedite	1
experience	6
experiences	2
expert	2
explode	4
exploration	12
explore	4
express	35
extend	2
extension	4
extensive	2
extra	2
extravaganza	2
eycom	4
eye	2
eyes	3
ezmlm	7
f	75
face	4
facearialverdana	17
facedarial	190
facedarialxfont	1
facedbsbdafacefont	2
facedtimes	2
faceverdanaarial	14
facilitate	2
fafafasohusohucom	2
failure	1
faint	2
faithgrouchocsepsuedu	1
fall	6
familiar	2
family	1
fannygrouchocsepsuedu	1
far	6
fashion	1
fast	9
fat	6
fatbr	5
fatigue	5
fax	3
fb	2
fbadabqadaaecaecaeadabbaoadbaepfont	2
fbkppacbjffypb	1
fdbcfbdbr	1
fdbdj	3
fdbdjfdbdj	3
fdeafefeffedeee	2
fdeafefeffeefb	2
fdebeeaffeeededeee	2
fdebeeaffeeededeeeee	2
fdebeeaffeeededfbece	2
fdebeeaffeeededfbf	2
fdfeeaef	2
fdfeeaefe	2
fdffeeafeeedeeeee	2
fdsttwlzfrontservecom	1
fdtelebrightcom	2
feaeeeaestrongdiv	2
feasible	2
feathers	2
featured	5
feb	2
febfeeeedeee	2
febfeeeedfbf	4
febfeefb	6
febfeefbemstrongdiv	2
fedefefefeeeeededfbf	2
fedeffeeeeedee	2
fedfffeff	2
fee	2
feeaebe	2
feeaeeeeffb	2
feeafeeec	2
feeafefedeee	2
feeafefefff	2
feeaffeec	2
feebeefeececfb	2
feebefeeededfbf	2
feebefeeedeecnbsp	2
feebf	2
feeceedefeee	8
feeceedefeeenbspf	2
feeceedefeeenbspndash	2
feeceedefeeestrongdiv	2
feeceedefeemstrongdiv	2
feededeeffee	2
feedeedfeeefbece	2
feedshyedeeffe	2
feeebefedfbf	2
feeecedeeeeedee	2
feeecefeedefe	2
feeecefeedeff	4
feeedestrong	2
feeeeec	2
feeeeeedefe	2
feeeefe	6
feeeefedeeaeee	2
feeeefedeeecefefeeebfcedfbf	2
feeeefeedee	2
feeeefeeee	2
feeeefeefffeee	4
feeeeffb	18
feeeeffbnbspf	2
feeefeebfcedfbf	2
feeeffeeeefeedee	2
feeeffeeeefeedeff	2
feeeffeffee	2
feeefffefee	4
feefebefffefee	2
feefebfcfefeee	2
feefec	2
feefece	2
feefecefeeeeedee	2
feefecefeeeeedeff	2
feefecfb	2
feefeededeeeee	4
feefeee	1
feefeeeeffeeaeee	2
feeffeef	2
feefffeedeeaeec	2
feefffeedeeaeee	4
feel	5
feet	4
fefeaffbeefefee	2
fefebeededeeffe	2
fefedeeebeeeee	2
fefedeeebeeeeff	2
fefeeafefeffeeaeee	2
fefeeefefeaffe	2
fefefeeebeeefeeeeededeeeee	2
fefefeeebeffeee	2
fefefeeebeffeeenbspfebfeefb	2
fefefeeebefffb	2
feffeec	2
feffeece	2
feffeeeae	2
feffeeebeedeff	2
feffeeeeee	2
feleciagrouchocsepsuedu	1
ferngrouchocsepsuedu	1
ferngrouchocspsuedu	1
fernstrom	2
few	4
ff	5
ffacqfhbsahylingocom	2
ffeaeeeeeeefeebeecstrong	2
ffeaeeeeeeefeebfestrong	2
ffeaeeeeeeefeebff	6
ffeaeeeeeeefeebffstrong	2
ffeaeeeeeefffef	2
ffedeafee	4
ffeebffspanstrongdiv	2
ffeedeedee	4
ffeedeedeff	10
ffeedfefeeffe	2
ffeeeaeece	2
ffeeeaeee	2
ffeeebe	2
ffeeebeeec	2
ffeeeeceefffc	2
ffeeeedfbe	2
ffeeeeeec	2
ffeeeeeeedeff	2
ffeeeeeeedeffece	2
ffeeefee	2
ffeefeeededee	2
ffeeffe	2
ffefe	8
ffefeeecnbspedefeeeedeebfcedfbf	2
ffeff	2
ffeffbstrongdiv	2
ffeffedeeaeee	2
ffeffeff	4
fff	12
fffee	4
fffeedeeebeeefefef	2
fffeedeeeebeededeeeee	2
fffeffestrongfontdiv	2
ffffeafffedfbece	4
ffffff	3
fffontsize	3
fgij	3
fiducially	1
fiduciary	1
field	4
fields	2
fieldwork	2
fifty	1
fightingbr	2
figure	5
file	1
filled	3
fillers	8
final	2
finally	1
financial	1
financier	1
financing	2
find	2
fire	4
first	16
fit	1
five	4
fiveforone	2
fix	3
flap	4
flashy	2
flat	4
flea	2
float	166
flood	2
flossiegrouchocsepsuedu	1
flow	2
fluids	2
focus	2
focuses	2
fogs	2
follow	2
following	7
followingbbr	1
font	111
fontafont	20
fontbbr	3
fontbfont	2
fontbodyhtml	1
fontbtd	20
fontchinfonta	2
fontdiv	6
fontdivdiv	8
fontdivdivfont	1
fontefont	4
fontenot	1
fontfamily	6
fontfont	38
fontgfont	3
fonthfont	4
fontifont	14
fontlfont	6
fontmfont	3
fontnbspfont	16
fontnfont	3
fontofont	6
fontp	2
fontpfont	2
fontrfont	7
fontsfont	5
fontsize	27
fontspan	6
fonttd	14
fonttfont	2
fontufont	5
fontvfont	4
fontweight	24
fontwfont	2
fontxfont	3
food	8
foodbrbr	1
fools	1
foppish	2
for	153
forcefulness	2
forces	1
fore	2
foreereee	1
foreign	2
form	4
format	50
formatflowed	27
formatted	2
formbrbr	2
former	2
fortunate	2
forward	8
forwards	4
foshan	2
foulmouth	1
found	2
four	2
foxmail	8
fqrcmigh	1
frac	2
francesgrouchocsepsuedu	2
francinegrouchocsepsuedu	1
franciscagrouchocsepsuedu	1
francisgrouchocsepsuedu	1
frank	1
frankgrouchocsepsuedu	1
franklin	6
fredgrouchocsepsuedu	2
freebrb	2
freesexpicturescom	2
freshest	1
fri	46
friday	5
fridge	1
from	338
frontpage	4
fruition	1
fturtgkyfcl	2
fucking	1
fulcrum	2
fulfill	2
fulk	4
full	7
fullbr	1
fully	2
fund	3
funding	1
funds	1
funny	5
further	4
furthermore	1
furthermost	1
future	3
fvic	3
fwd	8
g	49
gaberones	2
gabriellegrouchocspsuedu	1
gaggle	1
gained	2
gains	2
galaxy	1
games	1
gandalf	12
gap	6
gapj	6
gas	14
gathers	2
gbbjcnuldvalvvldbdlnjldbdlnplbqjysmgqtql	2
gbblbjflbylbjlbwlldsxlcelbuvldglcglq	2
gbblblxreqreiwfezzmnovmbtpfut	1
gbblbmvaiyokexllxreqreiwfezzmzlzut	1
gbbmvicnmsctskcwteowvqguwvbivgsapdmxky	1
gbdbdbeaaecfonttd	2
gbdlwltcgi	1
gblalascc	3
gbpsqzpigu	1
gdiivold	4
gecko	1
gee	2
generate	2
genevagrouchocsepsuedu	2
genevievegrouchocsepsuedu	1
geological	4
geology	2
geophysical	4
germ	2
get	26
getting	9
gfontold	4
gift	2
gijacquelinetechsitadellecom	1
ginagrouchocspsuedu	1
girl	2
give	9
glad	4
glenn	4
glittering	4
globalization	1
glucose	1
glyeggbdgllqytukswpbachbwkpewdlwwbachbwkhexdheoyeggbdgldqzujgumcqqauwy	1
go	15
goblins	8
goblintown	4
godwin	1
going	8
gold	35
goldcrazybr	2
golden	14
goli	3
goner	1
gonghexinnianyahoocomcn	2
good	5
goodies	2
goods	1
gore	1
gorham	2
got	14
gotten	2
gouolcombr	2
government	3
gpv	5
grab	4
gracegrouchocsepsuedu	2
grade	2
granted	2
grasses	4
great	8
greylink	3
greylinkvisited	3
grip	4
groucho	1
grouchocsepsuedu	96
grouchocsepsuedua	16
grouchocspsuedu	29
grouchocspsuedua	2
grounded	2
group	3
groups	2
grow	2
growing	2
grows	2
growth	3
growthbr	5
grubs	2
gsmtpgooglecom	2
gstrongdiv	6
gth	3
guangdong	2
guanine	2
guaranted	1
gull	2
gumbo	1
gustavus	1
gwav	3
gwlar	3
gym	2
gyro	2
h	20
haagendaz	1
haardcore	2
had	14
hahn	1
hair	5
hairnail	1
hambrick	2
handout	1
hanging	3
hangovers	1
happened	4
happenedbr	2
happy	3
hard	1
hardcorre	1
hardly	1
hardtack	2
hare	2
harley	2
harmlessly	2
harriettgrouchocsepsuedu	2
has	40
hasnt	1
have	53
havent	2
having	4
haystac	1
hbombcom	2
hbombgbjthbombcom	4
hd	2
he	18
head	75
headlines	2
headquartered	4
headtitleperfectiontitlehead	1
healthy	2
heard	6
heartbrbr	5
heartburn	2
heavens	4
heckle	2
hed	4
heigh	2
height	1
heightd	44
heightdfont	22
heightdimg	2
heightdtd	5
held	7
helo	103
helors	2
help	17
helpbrbr	4
helped	4
henriettagrouchocspsuedu	2
her	11
herb	2
herbal	1
herbertgrouchocspsuedu	2
here	5
herea	3
hereabr	5
hereabrbr	13
hereafontbrb	2
hereaubfontbrbr	2
hermangrouchocspsuedu	2
hernandez	2
hesitant	2
heuer	1
hfabbnetvisionnetil	2
hgmcdoidokpikmnfdoafbffbnjabldickinsoneghomecom	1
hhut	2
hi	18
high	8
higher	2
highest	2
highly	4
highpaying	2
highs	2
hightech	5
him	4
hiram	1
his	10
hissed	4
history	2
hit	1
hitch	1
hko	2
hlbg	3
hobbit	2
hockenberry	2
holes	2
holiday	2
hollywood	2
home	13
homeowner	2
homes	4
hoodia	28
hoodiabr	5
hoodiaubbrbr	1
hope	2
horsemanship	2
hostpoolinterbusinessit	4
hot	5
hottest	3
houndog	1
hours	6
houston	5
hovering	2
how	10
hoydenish	1
hpmaincenter	3
hpmainleft	3
hpmaintable	3
hr	1
hrefd	2
hrefdhttp	2
hrefdhttpcfefdsendsendl	1
hrefdhttpimeingcom	36
hrefdhttpleftanotherpartynet	18
hrefdhttppattymaymailinglistremoveaspiddclick	1
hrefdhttpqdrnleoldreftcomimg	1
hrefdhttpwwwarebasoncomhttpwwwarebasoncomadiv	2
hrefdhttpwwwbasioscuacomhttpwwwbasioscuacomadiv	2
hrefdhttpwwwdrmailcomtw	2
hrefdhttpwwwejoymallcomimg	1
hrefdhttpwwwfultimeivecomhttpwwwfultimeivecomadiv	2
hrefdhttpwwwivronsinamecomhttpwwwivronsinamecomadiv	2
hrefdhttpwwwjesverlitionscomhttpwwwjesverlitionscomad	1
hrefdhttpwwwlatesolascomhttpwwwlatesolascomadiv	2
hrefdhttpwwwnitugoetescomhttpwwwnitugoetescomadiv	1
hrefdhttpwwwonoorlscomhttpwwwonoorlscomadiv	2
hrefdhttpwwwprisiohalerkitgocomhttpwwwprisiohalerkitgoc	1
hrefdhttpwwwwealicitescomhttpwwwwealicitescomadiv	2
hrefdhttpwwwwebwizguideinfoweb	1
hrefdhttpyuyuegoorgafahbaeb	2
hrefhttpaagvuthistbrushinforuycemeksrxy	1
hrefhttpabigailheadhgnowinfo	2
hrefhttpashleighfbmvahonowcom	1
hrefhttpcierraheadhgnowinfo	1
hrefhttpernestineasethgnowcom	1
hrefhttpevermeddcomindexphpidkup	2
hrefhttpimpoomkecomsjkhtml	2
hrefhttpjodysorthgnowcom	1
hrefhttplbeohmdampheartcom	1
hrefhttpleonelbeautyhoodiacom	1
hrefhttplyndahairiskewlcom	1
hrefhttpmaiaextradoctorcom	1
hrefhttpmakenahealtypeoplescom	1
hrefhttpnehemiahuninisunhocomd	1
hrefhttppaigehealtypeoplescom	2
hrefhttpperfectioncxcbyldgoaibabmailgnhovbpgbbr	1
hrefhttpperfectioncxchttpperfectioncxcabbbr	3
hrefhttpperfectioncxcimg	1
hrefhttpperfectioncxcperfectionabnlrljngbbr	1
hrefhttpperfectioncxcperfectionabogkbilvhcwnkhowrpjgvbokckhojwhwoboskngsjpqnjwcohnhanxknfgncnirfkjnphvgevkclvkjtekcrnjgbbr	1
hrefhttpsheenauninisunhocomd	1
hrefhttpstephanieregimehealtyscom	2
hrefhttptinaegethgnowcom	1
hrefhttpwwwapiulmcomsjkhtml	1
hrefhttpwwwluserimnetptrqmqhhhttpwwwkafkalcomptrqmqhhabr	1
hrefhttpwwwwolkimedcomindexphpidkup	1
hscaokiyeimcoxkjeowmdaaadlvwnusaphaaaaaelftksuqmcc	1
hspaced	1
hthttpfreenatinfogpsxphpi	1
html	107
htmlbodypa	1
htmlhead	20
http	2
httpaddeaiciaonethkbb	2
httpbiggameteaminfobxfirstdaddyhtm	1
httpcomptonuijizohhhmuunhccnhcuutritaphkicom	1
httpcomptonuijizohhhmuunhccnhcuutritaphkicomcoupe	1
httpcugbpnjikahikinfo	4
httpdrnomailasp	2
httpequivcontentlanguage	22
httpequivcontenttype	23
httpequivdcontentlanguage	4
httpequivdcontenttype	27
httpfreenatinfogpsxphpi	1
httpgamedayexpoinfo	2
httpgamedayexpoinfopwpepesadventhtmisphfdfxhj	2
httpheavensgiftstc	1
httphyakushowcomtada	48
httpivvvvicomlab	2
httplovematchbzpc	4
httporangeroadnetyou	2
httpothxurzfzwiwwfoehrrwrrerrrmyrciaidcomjef	1
httppattymaymailinglistremoveaspid	1
httppervasiveiwooucennaitnitiitanburhmcom	2
httppervasiveiwooucennaitnitiitanburhmcomdenotation	2
httpqchangemeoscom	1
httprecreationdownloadinfo	1
httprecreationdownloadinfofpwfhtmisphfdfxhj	1
httprynoqyvatynphhucomapproved	2
httpshtonglianinfo	1
httpsteadfastesklkjqajjeepewpjweeokapiagicom	2
httpsteadfastesklkjqajjeepewpjweeokapiagicomgranville	2
httpthewaitinfokagai	2
httpthingswithdietscom	2
httpthingswithdietscomrm	2
httpvipclubjpinfowphpi	1
httpvvhvjksewandeatonecom	1
httpwwwarebasoncom	2
httpwwwbasioscuacom	2
httpwwwdrinkandcrosshiscom	1
httpwwwdrinkandcrosshiscomc	1
httpwwwejoymallcom	1
httpwwwfultimeivecom	2
httpwwwillusionjpenterhtml	3
httpwwwivronsinamecom	2
httpwwwjesverlitionscom	1
httpwwwlatesolascom	2
httpwwwllstinfogpsmphpi	5
httpwwwnitugoetescom	1
httpwwwonoorlscom	2
httpwwwprisiohalerkitgocom	1
httpwwwwealicitescom	2
httpwwwwebwizguideinfo	1
httpwwwyamabaricomnum	2
httpzhencongmingcomhak	1
huge	5
hugebr	1
humans	2
hundred	2
hundreds	4
hungerbr	1
hungry	7
huowsleyassociatescom	1
hvqlkejyywgupzcpbqxrvbsfodfuwul	2
hwfontsize	3
hydrophobichelplistsmysqlcom	1
hymn	2
hypedup	4
hypertension	1
i	183
ian	2
ibm	2
icalrypgkicagidxcjnciagicagidxzdzgligfsawdupsjjzwzxiipjxhighyzwy	1
ices	1
id	157
iddf	20
iddfn	22
iddfromemail	2
iddfromtype	4
iddfromvip	2
iddtoemail	2
idea	4
ideas	1
identifying	2
idiocy	1
idiv	12
if	16
ifbybryrpbiefsymvydgesienhbmfkyqkdqpmyxnigvbnrolcbh	2
ifdpdgggzjvdluzybkzwhbmqsihnocmlualuzybzdxbwbgllcywgywk	2
ifications	2
ifrlegfzlulsbglublzihbpcgvsawligjawxihrvigjyawnigpbcbu	2
igdvdmvybmlbnqgcvwcgydcbmbigzgtzxnawmgzwlcmdihbybpl	2
ighlawdoddimtuxiibibjkzxiijaiiglkpsjlywlsdiiglzlepckaxypczdnciag	1
igmailer	2
igmighpzggdmfsdwusigvuzxjnesbwcmqzwncyncgkqfuywrpywg	2
ignace	2
ignaspecocacolaghcom	2
ignored	2
igvcnrozwfzdgvybibibjlywwgzmyzxniglzigfihjpcsgbygcv	2
igyzfuaxphdglvbiwgawgysbzdgfzwlbnqgbgaxrzihdlynnpdguu	2
ihllyxjzlcbagugywlylcbsywklcbhbmqgdfzxigbygqwxizxjysdz	2
ihroaxmgdvlaybccbhcmbmqgljewiqkdqphzxqgswgrwfybhksiefj	2
ii	4
iibpzdizwfpbhyiicpchpjwvzglpjwvdgqdqogicagpccjnciagpcywjsztncjwv	1
iii	1
ilagrouchocspsuedu	2
im	5
imagepng	1
imbibe	1
img	39
imhdhalydcudhfsodglmnulyigdgfyzvpsjfymxhbmsipjxpbwcgcjjpsjodhrwoiv	1
immediate	2
immediately	1
imnlbnrlciipgegahjlzjiahrcdovlddycwwodguyviibyxjnzxqilibgfuayi	1
imo	2
implementation	2
importance	1
important	6
imposed	2
imposition	1
impressed	1
imprint	1
improve	1
imy	2
in	243
inc	20
incestuous	1
inches	1
include	2
included	1
inclusion	2
income	2
increase	1
increased	2
increases	4
incremental	2
inculcate	2
indeed	4
independent	5
indices	1
indict	1
individuals	1
industries	1
infinex	8
inflationbr	2
info	41
infonanisiterucom	1
inform	4
information	6
informed	1
infx	2
ingredients	8
inhibit	2
inifinex	2
initial	2
initials	2
injection	2
inline	4
input	36
inreplyto	2
insured	1
intel	1
intense	1
interest	5
international	12
internationaleuromillionoficinalwallacom	1
internet	6
interview	5
into	11
introduce	1
inverse	1
invested	2
investment	5
investor	2
investors	11
investorsbr	2
invoked	14
ionnmailchinacom	2
iqekyatclgallstatecom	2
irving	4
is	179
isabellegrouchocsepsuedu	1
isbr	2
island	4
isojpbaluzkcmlztiwmdmymdawqhlhagvlmnvlmpwkingdriveyahoocojp	1
isojpbamfenlfyhckbywhvbyjbyqcajazzycoaryahoocojp	1
isojpbcpodqshuhotmailcom	2
isojpbdjxzaqdrqyahoocohk	2
isojpbeglzwuxiueehotmailcom	2
isojpbexvrawhhbmeyukihanayahoocojp	2
isojpbgyrcivoszbvivshitziiwedyehivobkejqrvjgrunusuogyrcivsbkei	1
isojpbgyrcixktcvhisyliivjpctnmzhyndkzkztpixkbkei	1
isojpbgyrcjcpdtirpjdsbkei	1
isojpbgyrcjwelqyuitwlocqsrkkjcrgjcokairejdkbkei	1
isojpbgyrcmnezyrojcpdtirpjdskryqismbkei	1
isojpbgyrcosukkyrsjgstsfajvslqyvijwklxbsoqlzvbcwgyrcivsbkei	2
isojpbgyrcozmmzzjgyhcsapotoyahoocojp	1
isojpbgyrcpsirlwuddvyrpjgwkpyeqgyhc	2
isojpbgyrcpxcukjnqdgktiuojumlqsrkjslkcujuelzyvzgyhc	2
isojpbgyrcqmdfdiqjgohkhsoqg	3
isojpbgyrcrcfrbsoqgmachidakengoodlaxginfo	1
isojpbgyrcrtdbmyrbjgmkcyuyjumlsbsoqg	1
isojpbgyrcscbdyujxmlpyegyhchappycenterheavenwdxvinfo	2
isojpbgyrcscbdyujxmlpyegyhchappycenteryahoocojp	1
isojpbumu	2
isojpbwwaneichangyahoocojp	1
isojpbynieqccbyhotmailcom	1
isooolooo	2
ispofamericacom	1
ispunlimitednet	1
issues	3
istrongdiv	24
it	85
itbr	1
itbrbr	3
itd	2
its	57
iuui	3
iuvovac	3
iv	2
ivborwkggoaaaansuheugaaaqsaaaauaqmaaaafjagaaaablbmvexaaabvwtnaaabpele	1
ive	4
ivi	3
iwc	1
iyt	2
izedspan	2
j	8
jaegerlecoultre	1
jailyn	1
jaimegrouchocsepsuedu	1
jamigrouchocsepsuedu	1
janagrouchocsepsuedu	2
janellegrouchocsepsuedu	1
jazzycoaryahoocojp	1
jbnlfij	6
jbnlfitj	6
jbnlfiwj	3
jbnlfrghgniloj	3
jcdwvcbhbjlepgegahjlzjiahrcdovlddycwwodguyviibyxjnzxqili	1
jeanietitle	1
ject	2
jeeeb	3
jejunum	2
jelly	1
jenifergrouchocsepsuedu	1
jennagrouchocspsuedu	1
jersey	2
jessicagrouchocsepsuedu	1
jessiegrouchocsepsuedu	2
jet	2
jilliangrouchocsepsuedu	2
jimgrouchocspsuedu	2
jimmiegrouchocspsuedu	2
jitters	1
jiwocekxesuwakbimugexuvaqahizu	2
jkwrdefrgoodlaxginfo	1
jmt	10
joanson	1
job	2
jobajbdahbbcaeanbfecokprivateformres	2
jobs	2
jocelin	4
jody	2
jodytitle	1
johngrouchocsepsuedu	1
joint	6
juanatitle	1
judge	2
judith	1
jul	63
juliana	1
juliangrouchocsepsuedu	2
julietgrouchocspsuedu	2
jump	2
jun	10
june	2
just	8
justice	1
justify	2
jutmpopmailmecom	1
jzywri	3
k	8
kalahari	2
kali	1
kalmuk	1
kangas	4
kaolin	1
karigrouchocsepsuedu	1
katina	2
katinagrouchocspsuedu	2
katinakearneyatlmindspringcom	1
katrinagrouchocsepsuedu	2
kbmnubvetk	1
kdkuu	3
kdrmailbdahbqalbfbafbfaebepaaa	2
kearney	2
kearneyssatlmindspringcom	1
keep	9
keeping	4
keeps	2
kelleygrouchocsepsuedu	1
kelleygrouchocspsuedu	2
kept	2
kerigrouchocspsuedu	1
key	2
keynes	1
khscomputercom	1
kiat	7
kicked	4
kiflsbizcattheworldcom	2
kills	1
kilometers	2
kimberleygrouchocsepsuedu	1
kind	1
kindly	1
king	6
kingdriveyahoocojp	1
kirstengrouchocsepsuedu	1
kkpt	4
klwjqnytbvffhstephousenet	4
know	6
knowing	2
knowledge	2
known	10
knows	4
koepke	1
koko	10
kongomailhairimasenyahoocojp	1
krdataxpnet	2
krgenihybkmlingocom	2
kristagrouchocsepsuedu	2
kristengrouchocsepsuedu	1
kristinegrouchocsepsuedu	2
kurtgrouchocspsuedu	2
l	121
la	1
label	4
labels	4
lack	2
lad	4
ladonnagrouchocsepsuedu	2
laminate	1
landcom	2
landmass	2
lange	1
languagejavascript	1
lanthanum	1
laplacian	1
laquocee	2
laquoceebeeeffeeeeeeeeffeeeraquo	2
laquodeefeaeffraquostrongdiv	2
laragrouchocsepsuedu	2
largely	2
larger	2
largest	2
las	4
last	16
later	3
lateral	8
latest	3
launches	2
lawandagrouchocspsuedu	1
lawrencegrouchocsepsuedu	2
laws	2
laxity	1
ldickinsoneghomecom	4
ldiv	6
lean	5
leannegrouchocsepsuedu	1
least	4
leave	2
ledford	1
lefpuqjsldmhm	1
left	222
legal	3
legalbrbr	2
legality	2
legalubbrbr	2
lend	2
lenders	6
length	1
lenoragrouchocspsuedu	2
leogrouchocsepsuedu	1
leoneltitle	1
lerarnnarxernartopmaxiucom	2
lesley	5
less	4
letters	3
letting	2
levels	1
leverage	2
lhlywqdqoncjxibrpgkpgrpdibhbglnbjiyvudgvyijnciagphrhymxlihdpzhropsix	1
lhstcgtilii	3
liadobe	3
libidodesire	1
licensed	2
life	3
light	2
lightless	4
lights	4
like	7
limited	2
limits	1
limncom	2
lingocom	6
linx	1
list	4
lista	1
listabrbrpowered	1
listid	7
listsmysqlcom	14
literally	2
lithography	1
little	8
live	1
llc	2
lloydgrouchocsepsuedu	1
lncreased	1
lo	4
loan	8
loans	5
localhost	3
localhostlocaldomain	24
located	2
locked	2
loiii	3
lonely	4
long	6
longawaited	2
longest	1
look	6
looking	9
lookout	4
looo	2
lorenagrouchocsepsuedu	1
lose	4
loss	6
lost	5
lotteries	1
lottery	11
lottie	2
lotto	2
lourdesgrouchocsepsuedu	1
low	4
lower	2
lowest	7
lowry	1
lpoqoajmigii	3
lrjgbtk	1
lstrongdiv	12
lt	3
ltd	2
luckily	2
lucky	3
luedbubdaaaebeaaec	2
luella	2
luellagrouchocsepsuedu	1
luellatitle	2
luminary	2
lump	1
luscious	1
luxury	1
lve	1
lx	3
lydon	1
lyftiigimhdhalydcudzmubjnlrslhodgsmseveqveghbwwxlxryywzaxrpbh	1
lyndatitle	1
lynn	1
lzma	3
m	51
maacklcmlingocom	4
mac	1
machinelike	2
macintosh	1
madalyn	1
made	1
madeleinegrouchocsepsuedu	1
madelyn	2
madgegrouchocspsuedu	2
madrid	1
magazines	2
maggie	2
magic	5
magnesium	4
maiatitle	1
mail	3
maileintgmxabfbmafbcom	1
mailhbombcom	4
mailing	5
mailinglist	7
mailings	2
mailmynsto	1
mailnanisiterucom	1
mailnicancom	2
mailokmessencom	2
main	1
mainland	1
maintenance	1
major	2
make	1
makenatitle	1
maketxt	2
making	4
man	4
managed	2
management	6
mancomplementarityfunfontp	2
mandrel	1
mantis	1
many	6
map	2
mapfre	1
mapfreagencynetscapenet	2
maragrouchocsepsuedu	1
marching	4
marci	4
marciaahrensmanagercomcn	4
marcus	4
marcy	4
marcywhiecginccojp	4
margin	18
marginbottom	1
marginleft	5
marginright	2
margintop	4
maribelgrouchocsepsuedu	1
maricelagrouchocsepsuedu	2
marilyngrouchocsepsuedu	1
marinagrouchocsepsuedu	2
marisolgrouchocspsuedu	2
market	10
marketing	2
markets	2
marlborough	2
martagrouchocspsuedu	1
martin	1
marxist	2
mas	2
maseru	2
mason	2
massbr	5
matrimony	1
maudegrouchocsepsuedu	2
maurin	2
maximize	4
maximizing	2
maxine	4
may	42
maybe	6
mba	2
mbe	1
mcgrath	1
mckenna	1
mcmillon	1
mcounncomedmjpg	2
mdaliibibjkzxiijaiignlbgxzcgfjawnpsiwiibjzwxscgfkzgluzzimcidqogicagphry	1
mdiv	6
mdvforircccco	3
me	55
meal	1
mealtime	5
measures	1
med	2
mediadescription	3
medication	4
medicine	1
medium	28
meds	2
medusans	2
meet	2
melvingrouchocspsuedu	1
members	1
membership	2
memory	5
men	3
menageriepjpcom	1
mental	5
mention	4
mercury	1
meredithgrouchocspsuedu	1
merle	1
merlegrouchocsepsuedu	1
merrick	4
merrickfeicom	4
mesia	1
message	58
messageid	99
messageidmshinetnet	2
meta	101
methoddpost	2
methodology	2
mgmteues	1
mgnrcyblehbsbrliqkdqonclroaxmgbwfpbgluzybyxmgcvudcbvdxqg	2
mhpr	2
michael	1
microsoft	114
middle	4
midget	1
midwest	1
might	4
mikegrouchocspsuedu	2
milagrosgrouchocsepsuedu	1
milagrosgrouchocspsuedu	2
mile	2
miles	2
milliegrouchocsepsuedu	2
million	6
millions	3
millones	4
miltongrouchocspsuedu	2
mime	50
mimeole	36
mimeversion	108
mined	2
mineral	6
minerals	6
minfile	2
mingle	2
miniaturization	1
mining	4
ministry	1
minutes	7
miracle	1
mix	1
mixture	1
mixup	1
mmcccbagqcccccb	3
mobile	1
molecule	1
molliegrouchocsepsuedu	1
moment	2
momentum	2
mon	37
monday	6
money	5
monica	2
monte	4
month	3
months	4
moo	3
mood	5
moonbbr	1
moore	1
more	36
moreibbrbr	1
moreover	1
morning	3
mortgage	2
most	1
mountain	6
mountains	4
mouthbr	5
move	3
mozilla	1
mr	4
mralbert	1
mrs	1
mrsecomar	1
mrsrosemod	2
mrw	4
ms	15
mstrongdiv	6
much	7
muller	1
multipart	50
multipartalternative	51
multipartmixed	1
multipartrelated	1
multiple	1
muscle	5
must	4
mutti	2
mxschlundde	2
my	44
myadmincheckoutcom	1
myhui	1
mynsto	1
mzwatnnbulldogdslcom	2
n	73
nab	4
nail	5
name	3
namedbeaxbeaaec	2
namedf	24
namedfn	22
namedfromemail	2
namedfromtype	2
namedfromvip	2
namedfurl	2
namedgenerator	23
namedmap	1
namedprogid	4
namedtoemail	2
namegenerator	1
names	3
namesemail	1
namewmwpng	1
nanettegrouchocsepsuedu	1
nanniegrouchocsepsuedu	2
nano	6
nanotechnology	2
natmanbydgoszczpl	2
natural	4
nbc	2
nbsp	48
nbspccefeedeeec	2
nbspceeeedeeffeeae	2
nbspceefeedee	2
nbspdiv	19
nbspffeebffspanstrongdiv	2
nbspffeeeeceefffc	2
nbspnbspnbspdivspan	9
nbspnbspnbspmortgage	2
nbspnbspnbsprefinance	2
nbspnbspnbspthere	2
nbspnbspnbspwe	2
nbspnbspnbspwhere	2
nbspnbspnbspwhether	2
nbspspancffeefeffeeeedeebfcedfbe	2
nbspspanstrongstrongcefeeedeeefeffnbspf	2
nbspspanstrongstrongcffeeeebe	2
nbspspanstrongstrongdebfeeeedeff	2
nbspspanstrongstrongdeeebfc	2
nbspspanstrongstrongdefeeeedeebfcedeff	2
nbspspanstrongstrongdfeffee	2
nbsptd	9
nbsteps	1
ncasxqrnicancom	2
ndash	2
ndiv	12
near	2
nearterm	2
nebular	1
need	11
needed	5
negative	2
negotiating	2
nehemiahtitle	1
neichangyahoocojp	1
neither	2
netbeltavhu	1
netherlands	1
netscape	1
netscapenet	1
network	2
netxhydnetexcellcom	2
nevada	4
nevadamarket	2
never	2
new	21
newbond	12
news	36
newsletter	3
next	12
nextpartace	3
nextpartbce	3
nextpartc	3
nextpartcacfe	3
nextpartcaeaff	6
nextpartcbbf	6
nextpartccaa	3
nextpartccfa	6
nextpartccfcdd	6
nextpartcd	3
nextpartcdb	6
nextpartcddd	3
nextpartcebabec	6
nextpartcedcd	6
nextpartcefdd	6
nextpartcfed	3
nextpartdecbbdbf	6
nicancom	1
nice	3
ninebark	2
nmkxhstcgii	3
no	58
nobody	1
noemigrouchocsepsuedu	1
noise	2
nominated	1
non	1
nonacc	2
nonactive	1
none	34
nonebrbr	4
nor	6
normal	60
normally	5
normangrouchocsepsuedu	2
north	4
nos	2
not	47
note	3
noted	1
notice	5
notification	2
nov	21
now	17
nowbrbr	2
nowrap	3
nput	20
nshqjg	3
nslt	1
nsonzg	11
number	13
numbers	4
nw	2
nwadays	2
nwkplxh	1
o	62
oaapb	1
oanmcodedeaafbfabeaba	1
oaq	1
oasescaptiousnebraskajp	2
ob	3
obesitybr	1
obligation	4
obligations	2
obtain	1
oceania	1
oct	69
odd	3
odessagrouchocsepsuedu	1
odguyviibyxjnzxqilibgfuayipgltzybzcmmimhdhalytexvybcjbudhcvcdds	1
odiv	6
oeemeee	1
oeniucpckhvdsmetrocastnet	2
oer	1
of	230
ofeeiii	6
off	12
offer	9
offerdivtdtrtr	3
offers	2
office	31
officer	1
officine	1
ofratitle	1
often	6
oil	16
oilgas	2
oincfapskcoqqbroadbandnationalcom	4
ojuulbkuohcjahjwhctbaixofowsmbgygbxalwnuphstmfhxgujpxcdvuucpijhmsc	1
okmessencom	2
olagrouchocsepsuedu	2
olive	2
olivealvaradoocyouronlinenet	2
olivegrouchocsepsuedu	2
oliver	2
omafontdiv	1
omega	1
omo	3
on	70
once	3
one	38
ones	3
online	3
onlineuniversity	1
only	12
onlybr	2
onlythe	1
ontario	2
ontcgyabetcgu	3
onto	2
onward	1
oo	3
oofo	3
oogreppdsnktjvelsiurlcomtw	2
ooo	2
oooll	2
oooo	4
ooooo	2
opcccccccco	3
opened	2
operations	4
operative	2
operator	4
opheliagrouchocsepsuedu	1
opinionated	4
opportunities	6
opportunity	2
opsi	3
opt	20
optimally	2
option	8
optout	2
opvbutorlk	1
oqi	3
or	39
order	4
ordwjy	3
organic	3
organization	3
organized	1
orgasm	1
orgasms	1
original	6
os	1
otcctxepk	2
otcgb	3
otckkptpk	2
othello	2
other	14
otherb	1
others	3
otis	1
ouncesand	2
our	75
ous	2
out	47
outbound	5
outlook	46
oval	4
over	9
overall	2
overlooked	2
overview	2
own	5
ownership	1
owsleyassociatescom	1
p	73
pa	2
padafafbsafbccbbahaaaaccp	2
padded	4
padding	6
paddingbottom	15
paddingd	2
paddingleft	19
paddingpadding	3
paddingright	15
paddingtop	15
paean	2
paigetitle	2
pain	2
pallet	2
palti	1
pan	2
panerai	1
pang	5
pansygrouchocsepsuedu	2
paoloeadbb	1
paretty	1
part	6
participants	2
participate	1
particulars	1
party	1
passed	4
passion	1
passover	1
past	2
patch	2
patchbr	1
patek	1
patterns	2
paul	1
paulgrouchocsepsuedu	2
pauljoansonnetscapenet	1
paulus	1
pay	4
paying	7
payment	5
payout	1
pbdeawjfhostingcom	1
pbdiptdialinnet	2
pbfdiptdialinnet	1
pcccccccco	3
pcfetnuwvbfighbwwgufvcteldicitlyxmmvlrurcbysfrntcaxljagvhjhbnnpdglvbmfs	1
pcsandamianpcmetropolisintercom	1
pdiv	6
peaked	2
pecan	6
peek	1
penelopegrouchocsepsuedu	2
penis	5
penitent	2
penny	4
pennyroyal	2
people	6
peoplebrbr	2
per	6
percent	1
perez	1
perfect	1
perform	3
permeability	2
permeate	1
perrygrouchocsepsuedu	1
person	1
perspicuous	2
peskybr	2
peterson	2
petroleum	6
pfont	20
pgkicagicagphrkpjxkaxygywxpzimnlbnrlciipgegahjlzjiahrcdovlddycww	1
pgltzybzcmmimhdhalytexvybcjbudhcvcddsadeicigywxpskwrslcxrffxiuyjz	1
ph	2
phagocyte	1
pharmacy	2
pharsflm	2
phase	2
phhylz	3
philippe	1
phobic	1
phoenix	4
phone	1
phonetic	2
phony	4
phosphates	4
photoshop	6
phyllisgrouchocsepsuedutylergrouchocsepsuedurobertogrouchocsepsuedulessiegrouchocsepsuedupaigegrouchocsepsueduchristinagrouchocsepsueducharmainegrouchocsepsueduterragrouchocsepsuedumariegrouchocsepsuedualbagrouchocsepsuedu	1
pick	6
picks	6
pickup	1
picture	2
pierce	2
piguet	1
pill	7
pilot	2
pinch	4
pinetree	4
pkipperasrskhscomputercom	2
placed	4
placement	4
plagiarism	2
plan	2
planettodaycom	2
planning	1
play	2
playroom	2
please	18
pleased	6
pleasure	2
plnasotokyonttpcnejp	1
pluscom	2
pm	2
pmz	2
pnbspp	2
point	1
poised	2
pollux	2
pondering	4
pool	6
poor	2
porno	2
portentous	1
portfolio	2
posing	4
positioned	2
positive	2
possess	1
possible	5
postfix	4
potential	8
pounds	6
powered	1
powerfulbr	1
ppc	1
ppppppoemtunetru	4
ppppppppppp	3
pppppppppppppppppppppppppp	3
ppprevipasianetcoth	3
pr	6
pram	2
precedence	7
precision	1
predominate	1
premiere	6
premium	1
present	1
president	8
press	4
pressesmbca	1
pressure	2
prestige	2
prestigious	2
price	62
priced	2
prices	8
pricing	4
prior	3
prisoners	4
private	5
prize	6
prn	4
pro	12
problem	1
process	4
processed	1
processing	2
prodadmincheckoutcom	1
produced	36
producer	8
product	5
productbr	4
productbrbr	8
production	12
products	8
producttable	42
professional	22
professionaladiv	3
professionalliadobe	6
professionalul	3
professor	4
profile	8
profitability	2
proftechnqueenschiropractorcom	1
program	17
programs	1
programsbbr	1
project	8
proliadobe	3
prolims	6
promotional	5
promotions	3
promotionsprize	1
proof	2
properties	10
property	1
proprietary	2
prospect	2
prospective	2
protectionbr	2
protocol	1
proud	1
proudly	1
proul	3
proverb	1
provide	6
provided	1
providence	2
proving	2
prussia	2
psjmtdpiibawradimtgwiibozwlnahqijywiibibjkzxiijaiiglkpsjmtdpiiavpjwv	1
pt	23
public	26
purchase	2
pure	8
purebr	4
purposes	2
pushamericaorginboundmxlogicnet	2
pushed	1
put	2
px	179
pxabr	1
pxdgtscolorff	3
pxfontweight	3
pyment	2
q	4
qadrqyahoocohk	2
qalbgss	3
qcccccco	3
qdns	15
qlq	6
qmail	14
qmailmailmynsto	3
qmailmailnanisiterucom	1
qmailmyadmincheckoutcom	1
qmmfcco	3
qual	2
qualifications	4
qualitystocks	2
qualms	3
quantum	2
quarter	2
queasy	5
quickest	2
quietly	4
quote	2
quotedprintable	53
qvrxmnggiaqxygbgaggqukbgagjgygbgyfbgygbgygrggbgygdgygbgyfjaqmdqwcdbwmdqwcd	1
qvtmfccco	3
qwlcmljywgrwlcmdifjldmlldwkdqpjbibagugyvycmvudcbvawwg	2
qxdkwadk	2
qypluscom	1
r	71
ra	18
rachellegrouchocsepsuedu	1
racing	9
radar	2
radars	2
radial	2
radiant	1
radiv	6
ralphgrouchocsepsuedu	1
ran	4
ranch	2
randomly	1
randygrouchocsepsuedu	1
rangebr	2
ranking	4
rapid	1
rare	2
rate	2
rates	4
rather	1
rating	24
ratings	2
rattlingon	4
raul	1
raulvice	1
razor	2
rdiv	6
re	24
reactivation	1
read	7
readiness	1
real	5
realize	3
really	5
reasons	1
rebeccagrouchocsepsuedu	2
recapture	4
receive	2
received	188
receivedmshinetnet	4
recent	7
recentlybr	2
recipient	1
recommend	1
record	5
recover	1
recwith	2
reddynamiciprimatdenet	5
redited	2
redstart	2
reducing	4
reeds	4
ref	2
reference	2
references	1
referring	1
refinancebr	2
refresh	5
regards	1
reginagrouchocsepsuedu	1
reginald	4
region	2
regions	2
register	2
regiytobiacbnorg	4
regret	2
regulation	1
relations	1
release	5
released	5
relief	4
rely	1
remaining	2
remember	1
remitted	2
removed	2
rene	2
rent	4
repent	2
replyto	56
replytypeoriginal	3
report	6
reported	4
reporting	2
reports	8
request	1
required	1
requiredbr	1
research	3
resemble	1
reserves	4
reservoir	2
resource	2
resources	4
resplendent	2
responsible	1
rest	4
restedbr	5
restricted	2
result	1
results	7
retail	18
return	2
returns	4
revagrouchocspsuedu	2
revenue	2
review	1
reviews	9
reviewsadiv	9
revilatizes	1
revitalizes	5
revolution	2
revolutionary	1
revoolution	1
rework	16
rgasms	1
rgzpusvstolen	2
rhetoric	1
rheum	1
rhoda	1
rhra	1
rich	2
rickygrouchocsepsuedu	2
rid	5
ride	4
ridicul	2
rig	2
right	4
rime	2
rinconhostingcom	1
ring	4
rising	2
risk	8
rmb	3
rnfocom	1
rngwmlwautojobsnl	1
robbiegrouchocsepsuedu	2
rocket	2
rockets	4
rockingbbr	1
rocksbbr	1
rolex	3
romandiv	2
rondagrouchocsepsuedu	1
rood	1
rookcuduqyahoocom	1
room	2
rosagrouchocsepsuedu	1
rosaliegrouchocsepsuedu	1
rosaliegrouchocspsuedu	1
rosariogrouchocspsuedu	2
ross	6
rozagg	3
rrtvi	3
rstrongdiv	6
run	9
runners	2
rural	1
rush	4
rv	3
rx	1
s	46
safely	2
sags	2
sagsbr	5
said	18
saigon	2
sal	4
salathiel	2
sales	2
salingocom	1
salygalswearcom	2
same	1
samuel	4
san	5
sand	2
sansserif	6
sashagrouchocsepsuedu	1
saskatoon	2
sasynchronycoleus	1
sat	50
satanic	2
satisfaction	2
satisfactory	1
sauditoryumbilicus	1
saudpjpcom	2
save	18
say	14
says	11
sbr	3
scamubbrbr	4
scartonemboss	1
schedule	2
schuleat	1
scoveragemultiple	2
scqogubkndww	2
scrambled	4
screenplay	1
screens	2
screwdriver	1
script	2
sdk	2
sdystrophyoctennial	1
search	1
searching	2
second	2
secretarial	2
secretly	4
sector	6
secure	2
securing	2
securities	5
security	3
see	15
seee	2
seek	2
seeks	2
seen	2
seficom	2
seismic	8
selected	2
selectfonttd	2
selfconfidence	2
sell	4
send	2
sender	24
sendmail	2
sensationall	1
sent	2
sep	6
serial	1
service	14
serviced	2
services	6
session	1
set	22
settingsadministratoraeeadba	2
seven	1
several	4
sex	1
sformatdtextcsv	2
sg	3
sguisetonsillitis	2
shafer	4
shaken	4
shaking	4
shale	2
shall	2
shapedrect	2
share	4
shared	1
shareholder	4
shareholders	4
shares	4
sharp	2
sharpest	2
sharrongrouchocsepsuedu	1
sharrongrouchocspsuedu	1
she	10
shed	5
sheenatitle	1
sheliagrouchocsepsuedu	1
shell	1
sherrigrouchocsepsuedu	2
shhszvpsfltdijqvclokpelsiurlcomtw	2
shipping	4
shirley	1
shit	4
shoo	2
shoot	2
shop	1
shopping	1
shore	1
short	3
should	10
shouldnt	4
show	5
shows	2
shttpwwwllstinfogpsmphpi	2
shut	4
si	3
sibyl	2
sick	2
side	9
sidneygrouchocsepsuedu	1
sifted	1
signed	1
significant	2
siky	2
silently	2
silhouette	2
silicabr	4
silkworm	1
simple	2
simpliciallykesfetejp	2
since	3
sincerely	5
sing	4
sinistral	1
sintonvpyahoocom	1
sire	2
sirmadam	1
site	2
sivtcg	1
six	2
siz	2
size	55
sized	210
sizeda	1
sizedaarhusdepreciablebeachheadnelsonelis	2
sizedababdaqbeafauafzabeasaeca	2
sizedabacddblabkaabeafbfdaebabaf	2
sizedabadbceaagbaaapadeaababbg	2
sizedabakapacaababbrbdfontp	2
sizedabblbabbbbaeaeabdblada	2
sizedabdvdbebdecebffd	2
sizedbfcbbraababadfbbzanfontp	2
sizedcineramadogtrotbaggyyslovelandharri	2
sizedfontdiv	2
sizedfontnbspdiv	2
sizedfontstrongfont	12
sizedhifontdiv	9
sizedlaquocccbcecfdceccccecddccenbsp	4
sizednbspfontstrongdiv	2
sizednbspfontstrongdivfont	2
sizeds	2
sizedspa	6
sizedspan	26
sizedspanstrongstrong	2
sizedstrongcaeeedfeeeedfeeebfcedeee	2
sizedstrongcceffee	2
sizedstrongcdeffedeefeffeeeefedfbe	2
sizedstrongcefeeedeeefeff	2
sizedstrongcffee	2
sizedstrongcffeeeeefbe	2
sizedstrongdeeefeeceededfbe	2
sizedstrongspan	12
sizeuba	2
skarns	2
skills	2
skin	2
sky	2
sl	3
slabelfieldsdtrue	2
sleep	5
sleeplessnessbr	1
sllesijglsyahoocojp	1
slur	1
smaidcome	1
small	5
smallcap	2
smaller	1
smittel	1
smtp	146
smtpsvc	7
snack	1
snap	4
sneak	1
snothingwharton	1
so	17
soft	1
software	4
sohne	1
solely	1
solid	36
solidproducttable	3
solution	2
solvent	2
some	26
somebody	4
something	4
sometimes	2
somewhere	1
sonjagrouchocsepsuedu	1
soon	4
sooner	4
soundly	5
south	4
southwestern	2
spain	2
span	38
spanfont	2
spanfontbspanfonttd	22
spanfontfont	2
spans	6
sparks	2
spcont	3
spcontfontweight	3
special	11
specialise	2
specify	2
speculative	2
speedycomar	1
spence	2
spending	2
spi	4
spiked	2
spines	2
splendid	4
split	4
splitbr	2
spoke	4
sponsored	1
sppricecolor	3
sptitlefontweight	3
spud	2
spurgeon	2
srcdcidcfcecfgq	1
srcdhttpcfefdactionmailop	1
srcdhttped	2
srcdhttpejoymallcomimagesemailadejoymallgifapbrb	1
srcdhttpgimagesamazoncomimagesgdetailaddtocartmidsizegif	9
srcdhttpimageshopzillacomresizesqduidd	9
srcdhttpimgshopzillacomshopzillaratingstarxgif	9
srcdhttpmynetiancomrkdeodnjsdlekimgimgbjpg	2
srcdhttpwwwcounncominaaspidd	2
srchttphomeattnejpseashareperpctopjpg	1
srlingocom	1
ssablemelody	2
ssdstyle	2
ssl	2
sslirnsgdowel	1
sstrongdiv	6
st	1
stacigrouchocsepsuedu	1
staff	3
stages	2
stahl	5
stahlbibrbr	5
stake	1
stakes	1
stamp	1
stand	1
stapleton	1
start	4
started	2
starting	5
stated	1
states	5
staticdslhydethnet	1
staticexattnet	2
statictfnnettw	1
status	2
stck	2
stcks	2
stearic	4
steel	1
steele	4
stella	1
stenographer	1
stephaniegrouchocsepsuedu	1
stephanietitle	2
stepped	4
steps	3
stewart	2
still	11
stillwater	1
stimulatory	1
stirred	2
stirring	2
stkkmarrkett	2
stock	30
stockholders	2
stocks	1
stomach	5
stomachs	1
stone	8
stop	3
stopbibrbr	1
stops	1
store	4
story	4
stratify	1
stress	8
strictly	1
strictlybr	2
strings	2
strip	4
strong	402
strongcdeefecefeeedeeecefeeeefefeae	2
strongceeeeceeeefedeefeedeff	2
strongcefeeeeededeeffe	2
strongcfeeebeeeeedee	2
strongdeeeefe	2
strongdeffeeebeedee	2
strongdffedeefffc	2
strongdiv	6
stronge	2
stronger	1
strongestrongfont	2
strongfedeeeeedeff	2
strongnbspceefb	2
strongnbspcefeefecebeedee	2
strongnbspstrongceeebeedeeffedeff	2
strongstrong	2
structured	1
studied	4
studies	1
stunning	3
style	11
stylebackgroundcolor	1
styleborderright	1
styled	163
styledborder	2
styledclear	11
styledfloat	56
styledfont	3
styledfontsize	20
styledpaddingright	1
stylehead	1
styleheadbodytable	3
stylestyle	18
stylewidth	1
sub	2
subject	119
subjectbckhissvcajpqgdb	1
subscribers	2
subsequently	1
successful	4
successfully	2
such	4
suffering	2
sullivan	1
sum	1
summergrouchocspsuedu	1
sun	32
sunken	1
superlattice	3
superstar	1
supperlattice	1
support	3
sure	4
susannegrouchocsepsuedu	1
sutherland	1
suzettegrouchocsepsuedu	1
svolumetricsandbag	1
swath	2
swear	3
sweeter	1
swflaresrrcom	1
swift	2
swiftly	1
sxlljkwrheavenwdxvinfo	2
sylvia	1
symbol	3
synthetic	1
system	1
systematically	2
t	48
table	34
tablebrbr	22
tadaguiyahoocojp	3
tag	1
take	10
talk	4
talking	1
tallerepmnetco	2
tamigrouchocsepsuedu	1
tango	2
target	1
targetblankmore	22
targetblanksee	3
targetdblan	2
targetdblank	4
targetdblankafaaefadqbe	2
tashagrouchocsepsuedu	1
tassels	4
taste	5
tastes	1
tatters	2
tb	3
tcgwnmkxhx	3
td	170
tdfontsizept	1
tdimg	2
tdiv	6
tdmoneysdemailluanngrouchocsepsuedu	2
tdtable	2
team	5
techniques	2
technologies	6
technology	9
technologynl	2
ted	2
tedgrouchocsepsuedu	1
teens	3
tel	2
telebrightcom	2
telecom	2
telephone	1
tell	6
ten	2
tenacious	2
tendency	1
term	4
terms	2
terrencegrouchocsepsuedu	2
ters	2
tessagrouchocsepsuedu	1
testimonialubbrbr	5
texada	4
texas	4
textalign	9
textbooks	2
textd	2
textdecoration	9
texthtml	55
textplain	92
tgfyneucbjyhotmailcom	1
th	9
than	13
thanh	2
thank	2
thanks	2
that	61
thatbr	1
the	474
thebr	2
their	23
theirbr	4
them	18
themlike	4
then	19
theodoregrouchocsepsuedu	1
there	12
therebr	1
therefore	3
theres	4
theresagrouchocsepsuedu	1
these	9
they	21
theyre	2
thing	6
things	6
think	5
thinking	1
third	1
this	138
thisa	1
thisbr	2
thorin	4
those	8
though	4
thousand	2
thousands	2
threadindex	2
three	5
through	4
throw	4
thu	33
thursday	4
thursdayday	2
ti	3
ticket	2
tighearna	2
tighearschuleat	2
till	1
time	12
times	2
timewarp	2
tinatitle	1
titlebsbafadbtitle	2
titlecathcart	1
titlecollette	1
titlecortez	2
titleedmtitle	2
titleguyton	1
titlehansen	1
titleharker	1
titlekearns	2
titlekeith	1
titlelink	3
titlemccombs	2
titlemckissick	1
titlenadeau	1
titleroot	1
titlerosen	1
titlerutherford	1
titlesallee	1
titleshafer	1
titletitle	1
titlevarney	2
titlewitkowski	1
tkunklerflyspiritcom	1
tlhzftgdwight	1
tlsieluzhvzdhjieluzmdqonckldvzdcbibqgubvdcbmbigtls	2
tmnetmy	2
tnelmeszyynpushamericaorg	2
tnembroidmecom	1
to	423
tobia	4
tobr	2
today	17
todays	2
todd	1
tomorrow	2
tonsillitis	1
tonygrouchocsepsuedu	1
too	9
tools	2
top	15
topmaxiucom	2
toppin	4
toppinofrontieritcom	4
torhvikeballregscom	3
torn	4
toronto	2
toshiba	1
total	6
towards	1
town	1
tr	86
trace	2
trade	14
trading	6
transaction	1
transfer	3
transition	2
transitionalen	22
transitionalenhtmlheadtitle	3
travel	2
treasure	4
treat	1
tremendous	2
tribesmen	2
trim	1
triplewinslottonetscapenet	2
tripple	4
trouble	4
truant	2
true	2
truly	1
trust	1
truth	5
trwmpcadowntowncumberlandcom	2
try	7
trying	2
tryingbr	4
tue	51
tuesday	4
tuplanettodaycom	2
turn	2
turned	4
two	3
twobr	1
txmarket	2
txpvxjiscvzhkfeycom	2
txtadd	4
typedhidden	32
typedradio	4
typedsubmit	2
typedtext	18
typedtextcss	3
typemultipartalternative	1
u	48
uagb	3
uedabblbdaboadag	2
uedadbuaafcbag	2
ufiledcdocuments	2
ugilijy	3
uid	12
uipjbcvuztiv	3
ujvotycrobgygbguopsaohoandwyehognokjsljwfwddjecbqfhqmdawmhiuacho	1
uldiv	3
ulfiterehearsalbulrushfontp	2
ultstxt	2
unbearable	1
unclaimed	1
under	15
underdeveloped	1
underexplored	2
underline	3
understand	4
undertaken	4
unexplored	2
uni	2
union	1
united	3
unknown	46
unless	4
unnecessary	1
unperturbed	1
unsuitable	2
until	7
unubscrlbe	3
unwarranted	1
uolcombr	2
uov	3
up	43
update	4
upon	5
upset	1
ur	2
urchinhelplistsmysqlcom	1
us	21
usd	2
use	8
used	9
usemapdmaptd	1
user	2
useragent	2
users	1
using	23
ustrongdiv	6
usually	4
utilize	2
uu	9
uuspanspantd	9
uvulvuv	3
v	138
va	2
vacheron	1
val	6
validation	1
valigndtopdiv	9
valigndtoptable	6
valley	2
valparaiso	2
valtyum	1
valu	2
value	22
valued	2
valuedaaoption	2
valuedacoacooption	2
valuedak	4
valuedbdtawbeaxbeaaec	2
valuedfromceabhbaaemailcomtw	2
vanished	4
vapid	1
vaughn	2
vdiv	6
vegas	4
vendors	8
venture	8
ventures	6
verdana	6
verde	2
verifications	1
verified	4
version	2
versities	2
verticalalign	12
very	32
vfont	6
via	1
vice	1
vickygrouchocsepsuedu	1
video	6
viirgins	2
vip	2
vipeeeffeenbspdfeffee	2
virgiin	1
virgin	2
virginiagrouchocsepsuedu	1
visa	2
visibting	1
visit	7
vlbbb	3
vlfcgbgri	3
vlfdab	3
vlfdzjvbbb	3
vlficicpnb	3
vlfra	3
vlftnb	3
vo	3
voices	4
volume	4
volumes	2
vondagrouchocsepsuedu	2
vps	5
vstrongdiv	12
vtagcra	2
vtagkra	1
vtaltum	2
vubvealingocom	2
vulgate	6
w	10
wallacom	1
walter	2
wand	2
want	7
wantbrbr	2
wantedbrbr	2
wants	2
war	2
wardroomhelplistsmysqlcom	1
wargs	4
warning	1
wary	4
was	20
wasnt	9
watch	12
watcher	2
watches	1
watereddown	4
waterhouse	2
way	4
wbifrnfocom	2
wbwkhnlmmkkzijrwlshb	1
wcdtd	25
we	84
weaker	1
weasels	2
web	1
webb	1
webbot	2
webmailinetcommailpsmtpcom	2
webr	1
webserver	2
webserverqzzbvdsndaecwebserver	1
website	19
websitebr	3
websites	4
wed	44
weeek	2
week	17
weekbr	2
weekends	1
weekly	2
weight	6
weightbr	10
wekzjjpxyz	1
welcome	2
welcomemail	1
well	30
wells	12
wendymckinnonwilesreptilescom	2
went	14
were	27
west	6
westinghouse	2
what	17
whats	2
when	18
where	12
whether	4
which	17
whidbee	4
while	8
whistling	4
whitakerdorsetttwmgmailcom	2
whitespace	3
whitneygrouchocspsuedu	1
who	11
why	10
wicked	4
widt	2
width	57
widthd	76
widthdatd	9
wihtout	1
wild	2
will	54
willagrouchocspsuedu	2
willing	1
win	1
windowopenhttpperfectioncxc	1
windows	18
windowsbqmvzdcbtagwcgluzydkwdgkwrbqruocpruukudhkvpv	1
windowsbxmxlzsqzsjhwsedlczjogccmxmxcnugsxvzclzspiycdexcvozdo	2
windowsbymfczstrsla	2
winner	3
winners	4
winniegrouchocspsuedu	2
winning	7
winnings	1
wins	4
winston	1
wireapr	4
wish	4
wishes	2
with	250
withbr	8
withhold	4
within	6
without	2
wiz	2
wizards	2
won	1
wonderful	3
wont	2
woodyard	2
woolgather	2
word	4
words	1
work	7
worked	5
world	11
worldclass	2
worlds	6
worldwide	3
would	14
wqcilzlhyperlnksnet	2
wreathe	2
wrinkles	5
writely	2
writelycom	2
writhe	2
writing	1
wrong	1
wrongfully	2
wtbbliaqxccogent	1
wtdtcl	1
wto	2
wtwuinsd	1
wwwloteriacom	1
wwworganizationalforustocomjn	2
wwwprovtechcom	2
wwwwellenhancementcom	2
x	68
xantivirus	5
xantivirusstatus	5
xauthenticationwarning	22
xcbtbjdb	3
xcg	1
xddynamicctbcnetsupercombr	1
xdiv	12
xfont	2
xkbscrf	2
xl	1
xmailer	79
xmailerig	2
xmajor	2
xmfulrbsinternetus	2
xmimeole	36
xmsmailpriority	33
xnjq	3
xnominal	2
xp	18
xpriority	44
xs	2
xsender	1
xsg	3
xurreydkvifarrowheadnetcom	2
xvirusscanned	20
y	18
ycyzxeowvqiighbwuimvhawxiibawradintaziibozwlnahqijemsigymyzgvypsiw	1
year	5
years	9
yesbr	2
yesterday	2
yet	6
yew	6
yhhcnnlddnyjizmtiiicdqodglbgumvicnmscteawrsfpykqlrpdgxlpgkphn	1
ynkgysbaglyzcbwyxjesbagljacbpcybpbibubybyxkgywzmawxpyxrl	2
yobqbgakka	3
yogurt	1
yoiionuiz	3
you	221
youll	5
young	2
your	74
yours	1
yourself	4
youth	1
youve	2
youvebr	2
yrzlcbpcybagvyzsbhigjldhrlcibzzwnbigdggawzxniglupyag	2
ysbzdgfydgluzybwbludcbmbigzgpbmcgywrkaxrpbhbcbpbmrlcgvu	2
ysdxxauqcpressesmbca	1
ytlrpdjlrkpgkicagidwvdhidqogicagphrypgkicagicagphrkpjxkaxygywxpz	1
yudacomcn	2
yukihanayahoocojp	2
ywqdqobwvysbodhrwlwvxdwlpsjdbzwlvrcguiignvbnrlbnqinrlehqvahrtbdsg	1
yxbwbhkgawubzhdglzsbzwnobmsbdpzxmgdgyxjkcybagugzglz	2
yzqeycom	2
yzxjigfuzcbkzxzlbgwbwvudcbvzibhigrpdmvycugcgydgzvbglv	2
z	45
zayit	2
zcbaxroicagswzxnmhjzihnobvszcbubqgcmvsesbzbxlbhkgbg	2
zcvb	3
zdiv	6
zero	2
zf	6
zfl	6
zflf	3
zfn	3
zgdgkcvltungstate	1
zglpgkpcibrpgkpcodgspgk	1
zgvudcbyzxnlyxjjacncg	2
zhodehyrpdvzdtkingdomonlinenet	2
zhpsimcigymyzgvypsiwiibpzditehtyiglzcbhbibjbgfzcziurzteuyijwrslc	1
zigzagging	2
zipmailcombr	1
zipping	10
zmmailmagaginefuyoudesuyahoocojp	2
zmosb	3
zproxygmailcom	11
ztb	3
zthcnqbgi	3
ztx	3
zwigzxigdghlihbhcqgzmcibzwfycygvghpcybzwfylcbbbgjl	2
zwnobmljywwgdgvhbswgifbyzwpdwgugvcmszxvtlcbjbmmuihdpbgwg	2
zxjligvudmlybtzwywwgzgvncmfkyxrpbsiibzywlkihrozsbqzwi	2
zybhdcbhcmbmqgmcwmiwgdugzxhwzwnigjpzybqdwwigluihbyawnl	2
zzzxwsinacom	2